{"numFailedTestSuites":20,"numFailedTests":57,"numPassedTestSuites":21,"numPassedTests":159,"numPendingTestSuites":0,"numPendingTests":0,"numRuntimeErrorTestSuites":4,"numTodoTests":0,"numTotalTestSuites":41,"numTotalTests":216,"openHandles":[],"snapshot":{"added":0,"didUpdate":false,"failure":false,"filesAdded":0,"filesRemoved":0,"filesRemovedList":[],"filesUnmatched":0,"filesUpdated":0,"matched":0,"total":0,"unchecked":0,"uncheckedKeysByFile":[],"unmatched":0,"updated":0},"startTime":1773782273250,"success":false,"testResults":[{"assertionResults":[{"ancestorTitles":["LinkService Soft Validation Tests","validate()"],"duration":30,"failureDetails":[],"failureMessages":[],"fullName":"LinkService Soft Validation Tests validate() should return isValid: true for perfectly matching link and target type","invocations":1,"location":null,"numPassingAsserts":1,"retryReasons":[],"status":"passed","title":"should return isValid: true for perfectly matching link and target type"},{"ancestorTitles":["LinkService Soft Validation Tests","validate()"],"duration":31,"failureDetails":[{"matcherResult":{"message":"\u001b[2mexpect(\u001b[22m\u001b[31mreceived\u001b[39m\u001b[2m).\u001b[22mtoMatch\u001b[2m(\u001b[22m\u001b[32mexpected\u001b[39m\u001b[2m)\u001b[22m\n\nExpected pattern: \u001b[32m/Возможно, ссылка не того типа/\u001b[39m\nReceived string:  \u001b[31m\"⚠️ Внимание! Вы выбрали услугу на канал/сообщество, но прислали ссылку на пост/публикацию. Провайдер может не найти нужный объект, и услуга не выполнится. Средства при ошибке ввода не возвращаются. Вы уверены, что хотите запустить заказ с этой ссылкой?\"\u001b[39m","pass":false}}],"failureMessages":["Error: \u001b[2mexpect(\u001b[22m\u001b[31mreceived\u001b[39m\u001b[2m).\u001b[22mtoMatch\u001b[2m(\u001b[22m\u001b[32mexpected\u001b[39m\u001b[2m)\u001b[22m\n\nExpected pattern: \u001b[32m/Возможно, ссылка не того типа/\u001b[39m\nReceived string:  \u001b[31m\"⚠️ Внимание! Вы выбрали услугу на канал/сообщество, но прислали ссылку на пост/публикацию. Провайдер может не найти нужный объект, и услуга не выполнится. Средства при ошибке ввода не возвращаются. Вы уверены, что хотите запустить заказ с этой ссылкой?\"\u001b[39m\n    at Object.toMatch (D:\\Smmplan\\src\\services\\providers\\link.service.test.ts:20:36)\n    at Promise.then.completed (D:\\Smmplan\\node_modules\\jest-circus\\build\\utils.js:298:28)\n    at new Promise (<anonymous>)\n    at callAsyncCircusFn (D:\\Smmplan\\node_modules\\jest-circus\\build\\utils.js:231:10)\n    at _callCircusTest (D:\\Smmplan\\node_modules\\jest-circus\\build\\run.js:316:40)\n    at processTicksAndRejections (node:internal/process/task_queues:103:5)\n    at _runTest (D:\\Smmplan\\node_modules\\jest-circus\\build\\run.js:252:3)\n    at _runTestsForDescribeBlock (D:\\Smmplan\\node_modules\\jest-circus\\build\\run.js:126:9)\n    at _runTestsForDescribeBlock (D:\\Smmplan\\node_modules\\jest-circus\\build\\run.js:121:9)\n    at _runTestsForDescribeBlock (D:\\Smmplan\\node_modules\\jest-circus\\build\\run.js:121:9)\n    at run (D:\\Smmplan\\node_modules\\jest-circus\\build\\run.js:71:3)\n    at runAndTransformResultsToJestFormat (D:\\Smmplan\\node_modules\\jest-circus\\build\\legacy-code-todo-rewrite\\jestAdapterInit.js:122:21)\n    at jestAdapter (D:\\Smmplan\\node_modules\\jest-circus\\build\\legacy-code-todo-rewrite\\jestAdapter.js:79:19)\n    at runTestInternal (D:\\Smmplan\\node_modules\\jest-runner\\build\\runTest.js:367:16)\n    at runTest (D:\\Smmplan\\node_modules\\jest-runner\\build\\runTest.js:444:34)\n    at Object.worker (D:\\Smmplan\\node_modules\\jest-runner\\build\\testWorker.js:106:12)"],"fullName":"LinkService Soft Validation Tests validate() should return isWarning: true when platform matches but target type does not","invocations":1,"location":null,"numPassingAsserts":2,"retryReasons":[],"status":"failed","title":"should return isWarning: true when platform matches but target type does not"},{"ancestorTitles":["LinkService Soft Validation Tests","validate()"],"duration":2,"failureDetails":[],"failureMessages":[],"fullName":"LinkService Soft Validation Tests validate() should return isWarning: true for OTHER unknown platforms via fallback","invocations":1,"location":null,"numPassingAsserts":3,"retryReasons":[],"status":"passed","title":"should return isWarning: true for OTHER unknown platforms via fallback"},{"ancestorTitles":["LinkService Soft Validation Tests","validate()"],"duration":2,"failureDetails":[],"failureMessages":[],"fullName":"LinkService Soft Validation Tests validate() should return isValid: false when a known platform strictly mismatches the requested service","invocations":1,"location":null,"numPassingAsserts":3,"retryReasons":[],"status":"passed","title":"should return isValid: false when a known platform strictly mismatches the requested service"},{"ancestorTitles":["LinkService Soft Validation Tests","validate()"],"duration":3,"failureDetails":[{"matcherResult":{"actual":true,"expected":false,"message":"\u001b[2mexpect(\u001b[22m\u001b[31mreceived\u001b[39m\u001b[2m).\u001b[22mtoBe\u001b[2m(\u001b[22m\u001b[32mexpected\u001b[39m\u001b[2m) // Object.is equality\u001b[22m\n\nExpected: \u001b[32mfalse\u001b[39m\nReceived: \u001b[31mtrue\u001b[39m","name":"toBe","pass":false}}],"failureMessages":["Error: \u001b[2mexpect(\u001b[22m\u001b[31mreceived\u001b[39m\u001b[2m).\u001b[22mtoBe\u001b[2m(\u001b[22m\u001b[32mexpected\u001b[39m\u001b[2m) // Object.is equality\u001b[22m\n\nExpected: \u001b[32mfalse\u001b[39m\nReceived: \u001b[31mtrue\u001b[39m\n    at Object.toBe (D:\\Smmplan\\src\\services\\providers\\link.service.test.ts:41:36)\n    at Promise.then.completed (D:\\Smmplan\\node_modules\\jest-circus\\build\\utils.js:298:28)\n    at new Promise (<anonymous>)\n    at callAsyncCircusFn (D:\\Smmplan\\node_modules\\jest-circus\\build\\utils.js:231:10)\n    at _callCircusTest (D:\\Smmplan\\node_modules\\jest-circus\\build\\run.js:316:40)\n    at processTicksAndRejections (node:internal/process/task_queues:103:5)\n    at _runTest (D:\\Smmplan\\node_modules\\jest-circus\\build\\run.js:252:3)\n    at _runTestsForDescribeBlock (D:\\Smmplan\\node_modules\\jest-circus\\build\\run.js:126:9)\n    at _runTestsForDescribeBlock (D:\\Smmplan\\node_modules\\jest-circus\\build\\run.js:121:9)\n    at _runTestsForDescribeBlock (D:\\Smmplan\\node_modules\\jest-circus\\build\\run.js:121:9)\n    at run (D:\\Smmplan\\node_modules\\jest-circus\\build\\run.js:71:3)\n    at runAndTransformResultsToJestFormat (D:\\Smmplan\\node_modules\\jest-circus\\build\\legacy-code-todo-rewrite\\jestAdapterInit.js:122:21)\n    at jestAdapter (D:\\Smmplan\\node_modules\\jest-circus\\build\\legacy-code-todo-rewrite\\jestAdapter.js:79:19)\n    at runTestInternal (D:\\Smmplan\\node_modules\\jest-runner\\build\\runTest.js:367:16)\n    at runTest (D:\\Smmplan\\node_modules\\jest-runner\\build\\runTest.js:444:34)\n    at Object.worker (D:\\Smmplan\\node_modules\\jest-runner\\build\\testWorker.js:106:12)"],"fullName":"LinkService Soft Validation Tests validate() should return isValid: false for completely invalid text","invocations":1,"location":null,"numPassingAsserts":0,"retryReasons":[],"status":"failed","title":"should return isValid: false for completely invalid text"}],"endTime":1773782277255,"message":"\u001b[1m\u001b[31m  \u001b[1m● \u001b[22m\u001b[1mLinkService Soft Validation Tests › validate() › should return isWarning: true when platform matches but target type does not\u001b[39m\u001b[22m\n\n    \u001b[2mexpect(\u001b[22m\u001b[31mreceived\u001b[39m\u001b[2m).\u001b[22mtoMatch\u001b[2m(\u001b[22m\u001b[32mexpected\u001b[39m\u001b[2m)\u001b[22m\n\n    Expected pattern: \u001b[32m/Возможно, ссылка не того типа/\u001b[39m\n    Received string:  \u001b[31m\"⚠️ Внимание! Вы выбрали услугу на канал/сообщество, но прислали ссылку на пост/публикацию. Провайдер может не найти нужный объект, и услуга не выполнится. Средства при ошибке ввода не возвращаются. Вы уверены, что хотите запустить заказ с этой ссылкой?\"\u001b[39m\n\u001b[2m\u001b[22m\n\u001b[2m    \u001b[0m \u001b[90m 18 |\u001b[39m             expect(result\u001b[33m.\u001b[39misValid)\u001b[33m.\u001b[39mtoBe(\u001b[36mtrue\u001b[39m)\u001b[33m;\u001b[39m\u001b[22m\n\u001b[2m     \u001b[90m 19 |\u001b[39m             expect(result\u001b[33m.\u001b[39misWarning)\u001b[33m.\u001b[39mtoBe(\u001b[36mtrue\u001b[39m)\u001b[33m;\u001b[39m\u001b[22m\n\u001b[2m    \u001b[31m\u001b[1m>\u001b[22m\u001b[2m\u001b[39m\u001b[90m 20 |\u001b[39m             expect(result\u001b[33m.\u001b[39mwarning)\u001b[33m.\u001b[39mtoMatch(\u001b[35m/Возможно, ссылка не того типа/\u001b[39m)\u001b[33m;\u001b[39m\u001b[22m\n\u001b[2m     \u001b[90m    |\u001b[39m                                    \u001b[31m\u001b[1m^\u001b[22m\u001b[2m\u001b[39m\u001b[22m\n\u001b[2m     \u001b[90m 21 |\u001b[39m         })\u001b[33m;\u001b[39m\u001b[22m\n\u001b[2m     \u001b[90m 22 |\u001b[39m\u001b[22m\n\u001b[2m     \u001b[90m 23 |\u001b[39m         test(\u001b[32m'should return isWarning: true for OTHER unknown platforms via fallback'\u001b[39m\u001b[33m,\u001b[39m () \u001b[33m=>\u001b[39m {\u001b[0m\u001b[22m\n\u001b[2m\u001b[22m\n\u001b[2m      \u001b[2mat Object.toMatch (\u001b[22m\u001b[2m\u001b[0m\u001b[36msrc/services/providers/link.service.test.ts\u001b[39m\u001b[0m\u001b[2m:20:36)\u001b[22m\u001b[2m\u001b[22m\n\n\u001b[1m\u001b[31m  \u001b[1m● \u001b[22m\u001b[1mLinkService Soft Validation Tests › validate() › should return isValid: false for completely invalid text\u001b[39m\u001b[22m\n\n    \u001b[2mexpect(\u001b[22m\u001b[31mreceived\u001b[39m\u001b[2m).\u001b[22mtoBe\u001b[2m(\u001b[22m\u001b[32mexpected\u001b[39m\u001b[2m) // Object.is equality\u001b[22m\n\n    Expected: \u001b[32mfalse\u001b[39m\n    Received: \u001b[31mtrue\u001b[39m\n\u001b[2m\u001b[22m\n\u001b[2m    \u001b[0m \u001b[90m 39 |\u001b[39m         test(\u001b[32m'should return isValid: false for completely invalid text'\u001b[39m\u001b[33m,\u001b[39m () \u001b[33m=>\u001b[39m {\u001b[22m\n\u001b[2m     \u001b[90m 40 |\u001b[39m             \u001b[36mconst\u001b[39m result \u001b[33m=\u001b[39m \u001b[33mLinkService\u001b[39m\u001b[33m.\u001b[39mvalidate(\u001b[32m'not-a-valid-url-at-all'\u001b[39m\u001b[33m,\u001b[39m \u001b[32m'TELEGRAM'\u001b[39m\u001b[33m,\u001b[39m \u001b[32m'CHANNEL'\u001b[39m)\u001b[33m;\u001b[39m\u001b[22m\n\u001b[2m    \u001b[31m\u001b[1m>\u001b[22m\u001b[2m\u001b[39m\u001b[90m 41 |\u001b[39m             expect(result\u001b[33m.\u001b[39misValid)\u001b[33m.\u001b[39mtoBe(\u001b[36mfalse\u001b[39m)\u001b[33m;\u001b[39m\u001b[22m\n\u001b[2m     \u001b[90m    |\u001b[39m                                    \u001b[31m\u001b[1m^\u001b[22m\u001b[2m\u001b[39m\u001b[22m\n\u001b[2m     \u001b[90m 42 |\u001b[39m             expect(result\u001b[33m.\u001b[39merror)\u001b[33m.\u001b[39mtoMatch(\u001b[35m/Неверный формат ссылки/\u001b[39m)\u001b[33m;\u001b[39m\u001b[22m\n\u001b[2m     \u001b[90m 43 |\u001b[39m         })\u001b[33m;\u001b[39m\u001b[22m\n\u001b[2m     \u001b[90m 44 |\u001b[39m\u001b[0m\u001b[22m\n\u001b[2m\u001b[22m\n\u001b[2m      \u001b[2mat Object.toBe (\u001b[22m\u001b[2m\u001b[0m\u001b[36msrc/services/providers/link.service.test.ts\u001b[39m\u001b[0m\u001b[2m:41:36)\u001b[22m\u001b[2m\u001b[22m\n","name":"D:\\Smmplan\\src\\services\\providers\\link.service.test.ts","startTime":1773782273982,"status":"failed","summary":""},{"assertionResults":[{"ancestorTitles":["Client Order Flow API Test"],"duration":13,"failureDetails":[{}],"failureMessages":["TypeError: prisma.project.upsert is not a function\n    at upsert (D:\\Smmplan\\src\\tests\\client_api_flow.test.ts:40:42)\n    at Generator.call (D:\\Smmplan\\src\\tests\\client_api_flow.test.ts:2:1)\n    at Generator._invoke [as next] (D:\\Smmplan\\src\\tests\\client_api_flow.test.ts:2:1)\n    at asyncGeneratorStep (D:\\Smmplan\\src\\tests\\client_api_flow.test.ts:2:1)\n    at asyncGeneratorStep (D:\\Smmplan\\src\\tests\\client_api_flow.test.ts:2:1)\n    at _next (D:\\Smmplan\\src\\tests\\client_api_flow.test.ts:2:1)\n    at new Promise (<anonymous>)\n    at Object.<anonymous> (D:\\Smmplan\\src\\tests\\client_api_flow.test.ts:2:1)\n    at Promise.then.completed (D:\\Smmplan\\node_modules\\jest-circus\\build\\utils.js:298:28)\n    at new Promise (<anonymous>)\n    at callAsyncCircusFn (D:\\Smmplan\\node_modules\\jest-circus\\build\\utils.js:231:10)\n    at _callCircusHook (D:\\Smmplan\\node_modules\\jest-circus\\build\\run.js:281:40)\n    at processTicksAndRejections (node:internal/process/task_queues:103:5)\n    at _runTestsForDescribeBlock (D:\\Smmplan\\node_modules\\jest-circus\\build\\run.js:95:7)\n    at _runTestsForDescribeBlock (D:\\Smmplan\\node_modules\\jest-circus\\build\\run.js:121:9)\n    at run (D:\\Smmplan\\node_modules\\jest-circus\\build\\run.js:71:3)\n    at runAndTransformResultsToJestFormat (D:\\Smmplan\\node_modules\\jest-circus\\build\\legacy-code-todo-rewrite\\jestAdapterInit.js:122:21)\n    at jestAdapter (D:\\Smmplan\\node_modules\\jest-circus\\build\\legacy-code-todo-rewrite\\jestAdapter.js:79:19)\n    at runTestInternal (D:\\Smmplan\\node_modules\\jest-runner\\build\\runTest.js:367:16)\n    at runTest (D:\\Smmplan\\node_modules\\jest-runner\\build\\runTest.js:444:34)\n    at Object.worker (D:\\Smmplan\\node_modules\\jest-runner\\build\\testWorker.js:106:12)"],"fullName":"Client Order Flow API Test Step 1: Analyze Link should return categories and services","invocations":1,"location":null,"numPassingAsserts":0,"retryReasons":[],"status":"failed","title":"Step 1: Analyze Link should return categories and services"},{"ancestorTitles":["Client Order Flow API Test"],"duration":0,"failureDetails":[{}],"failureMessages":["TypeError: prisma.project.upsert is not a function\n    at upsert (D:\\Smmplan\\src\\tests\\client_api_flow.test.ts:40:42)\n    at Generator.call (D:\\Smmplan\\src\\tests\\client_api_flow.test.ts:2:1)\n    at Generator._invoke [as next] (D:\\Smmplan\\src\\tests\\client_api_flow.test.ts:2:1)\n    at asyncGeneratorStep (D:\\Smmplan\\src\\tests\\client_api_flow.test.ts:2:1)\n    at asyncGeneratorStep (D:\\Smmplan\\src\\tests\\client_api_flow.test.ts:2:1)\n    at _next (D:\\Smmplan\\src\\tests\\client_api_flow.test.ts:2:1)\n    at new Promise (<anonymous>)\n    at Object.<anonymous> (D:\\Smmplan\\src\\tests\\client_api_flow.test.ts:2:1)\n    at Promise.then.completed (D:\\Smmplan\\node_modules\\jest-circus\\build\\utils.js:298:28)\n    at new Promise (<anonymous>)\n    at callAsyncCircusFn (D:\\Smmplan\\node_modules\\jest-circus\\build\\utils.js:231:10)\n    at _callCircusHook (D:\\Smmplan\\node_modules\\jest-circus\\build\\run.js:281:40)\n    at processTicksAndRejections (node:internal/process/task_queues:103:5)\n    at _runTestsForDescribeBlock (D:\\Smmplan\\node_modules\\jest-circus\\build\\run.js:95:7)\n    at _runTestsForDescribeBlock (D:\\Smmplan\\node_modules\\jest-circus\\build\\run.js:121:9)\n    at run (D:\\Smmplan\\node_modules\\jest-circus\\build\\run.js:71:3)\n    at runAndTransformResultsToJestFormat (D:\\Smmplan\\node_modules\\jest-circus\\build\\legacy-code-todo-rewrite\\jestAdapterInit.js:122:21)\n    at jestAdapter (D:\\Smmplan\\node_modules\\jest-circus\\build\\legacy-code-todo-rewrite\\jestAdapter.js:79:19)\n    at runTestInternal (D:\\Smmplan\\node_modules\\jest-runner\\build\\runTest.js:367:16)\n    at runTest (D:\\Smmplan\\node_modules\\jest-runner\\build\\runTest.js:444:34)\n    at Object.worker (D:\\Smmplan\\node_modules\\jest-runner\\build\\testWorker.js:106:12)"],"fullName":"Client Order Flow API Test Step 2: Guest Order Creation with Auto-Registration and YooKassa Redirect","invocations":1,"location":null,"numPassingAsserts":0,"retryReasons":[],"status":"failed","title":"Step 2: Guest Order Creation with Auto-Registration and YooKassa Redirect"},{"ancestorTitles":["Client Order Flow API Test"],"duration":1,"failureDetails":[{}],"failureMessages":["TypeError: prisma.project.upsert is not a function\n    at upsert (D:\\Smmplan\\src\\tests\\client_api_flow.test.ts:40:42)\n    at Generator.call (D:\\Smmplan\\src\\tests\\client_api_flow.test.ts:2:1)\n    at Generator._invoke [as next] (D:\\Smmplan\\src\\tests\\client_api_flow.test.ts:2:1)\n    at asyncGeneratorStep (D:\\Smmplan\\src\\tests\\client_api_flow.test.ts:2:1)\n    at asyncGeneratorStep (D:\\Smmplan\\src\\tests\\client_api_flow.test.ts:2:1)\n    at _next (D:\\Smmplan\\src\\tests\\client_api_flow.test.ts:2:1)\n    at new Promise (<anonymous>)\n    at Object.<anonymous> (D:\\Smmplan\\src\\tests\\client_api_flow.test.ts:2:1)\n    at Promise.then.completed (D:\\Smmplan\\node_modules\\jest-circus\\build\\utils.js:298:28)\n    at new Promise (<anonymous>)\n    at callAsyncCircusFn (D:\\Smmplan\\node_modules\\jest-circus\\build\\utils.js:231:10)\n    at _callCircusHook (D:\\Smmplan\\node_modules\\jest-circus\\build\\run.js:281:40)\n    at processTicksAndRejections (node:internal/process/task_queues:103:5)\n    at _runTestsForDescribeBlock (D:\\Smmplan\\node_modules\\jest-circus\\build\\run.js:95:7)\n    at _runTestsForDescribeBlock (D:\\Smmplan\\node_modules\\jest-circus\\build\\run.js:121:9)\n    at run (D:\\Smmplan\\node_modules\\jest-circus\\build\\run.js:71:3)\n    at runAndTransformResultsToJestFormat (D:\\Smmplan\\node_modules\\jest-circus\\build\\legacy-code-todo-rewrite\\jestAdapterInit.js:122:21)\n    at jestAdapter (D:\\Smmplan\\node_modules\\jest-circus\\build\\legacy-code-todo-rewrite\\jestAdapter.js:79:19)\n    at runTestInternal (D:\\Smmplan\\node_modules\\jest-runner\\build\\runTest.js:367:16)\n    at runTest (D:\\Smmplan\\node_modules\\jest-runner\\build\\runTest.js:444:34)\n    at Object.worker (D:\\Smmplan\\node_modules\\jest-runner\\build\\testWorker.js:106:12)"],"fullName":"Client Order Flow API Test Step 3: Database Integrity Check after order","invocations":1,"location":null,"numPassingAsserts":0,"retryReasons":[],"status":"failed","title":"Step 3: Database Integrity Check after order"}],"coverage":{},"endTime":1773782301288,"message":"\u001b[1m\u001b[31m  \u001b[1m● \u001b[22m\u001b[1mClient Order Flow API Test › Step 1: Analyze Link should return categories and services\u001b[39m\u001b[22m\n\n    TypeError: prisma.project.upsert is not a function\n\u001b[2m\u001b[22m\n\u001b[2m    \u001b[0m \u001b[90m 38 |\u001b[39m   beforeAll(\u001b[36masync\u001b[39m () \u001b[33m=>\u001b[39m {\u001b[22m\n\u001b[2m     \u001b[90m 39 |\u001b[39m     \u001b[90m// 1. Подготавливаем проект\u001b[39m\u001b[22m\n\u001b[2m    \u001b[31m\u001b[1m>\u001b[22m\u001b[2m\u001b[39m\u001b[90m 40 |\u001b[39m     \u001b[36mconst\u001b[39m project \u001b[33m=\u001b[39m \u001b[36mawait\u001b[39m prisma\u001b[33m.\u001b[39mproject\u001b[33m.\u001b[39mupsert({\u001b[22m\n\u001b[2m     \u001b[90m    |\u001b[39m                                          \u001b[31m\u001b[1m^\u001b[22m\u001b[2m\u001b[39m\u001b[22m\n\u001b[2m     \u001b[90m 41 |\u001b[39m       where\u001b[33m:\u001b[39m { slug\u001b[33m:\u001b[39m \u001b[32m'test-demo'\u001b[39m }\u001b[33m,\u001b[39m\u001b[22m\n\u001b[2m     \u001b[90m 42 |\u001b[39m       update\u001b[33m:\u001b[39m { domain\u001b[33m:\u001b[39m \u001b[32m'localhost'\u001b[39m }\u001b[33m,\u001b[39m\u001b[22m\n\u001b[2m     \u001b[90m 43 |\u001b[39m       create\u001b[33m:\u001b[39m {\u001b[0m\u001b[22m\n\u001b[2m\u001b[22m\n\u001b[2m      \u001b[2mat upsert (\u001b[22m\u001b[2m\u001b[0m\u001b[36msrc/tests/client_api_flow.test.ts\u001b[39m\u001b[0m\u001b[2m:40:42)\u001b[22m\u001b[2m\u001b[22m\n\u001b[2m      \u001b[2mat Generator.call (\u001b[22m\u001b[2m\u001b[0m\u001b[36msrc/tests/client_api_flow.test.ts\u001b[39m\u001b[0m\u001b[2m:2:1)\u001b[22m\u001b[2m\u001b[22m\n\u001b[2m      \u001b[2mat Generator._invoke [as next] (\u001b[22m\u001b[2m\u001b[0m\u001b[36msrc/tests/client_api_flow.test.ts\u001b[39m\u001b[0m\u001b[2m:2:1)\u001b[22m\u001b[2m\u001b[22m\n\u001b[2m      \u001b[2mat asyncGeneratorStep (\u001b[22m\u001b[2m\u001b[0m\u001b[36msrc/tests/client_api_flow.test.ts\u001b[39m\u001b[0m\u001b[2m:2:1)\u001b[22m\u001b[2m\u001b[22m\n\u001b[2m      \u001b[2mat asyncGeneratorStep (\u001b[22m\u001b[2m\u001b[0m\u001b[36msrc/tests/client_api_flow.test.ts\u001b[39m\u001b[0m\u001b[2m:2:1)\u001b[22m\u001b[2m\u001b[22m\n\u001b[2m      \u001b[2mat _next (\u001b[22m\u001b[2m\u001b[0m\u001b[36msrc/tests/client_api_flow.test.ts\u001b[39m\u001b[0m\u001b[2m:2:1)\u001b[22m\u001b[2m\u001b[22m\n\u001b[2m      \u001b[2mat Object.<anonymous> (\u001b[22m\u001b[2m\u001b[0m\u001b[36msrc/tests/client_api_flow.test.ts\u001b[39m\u001b[0m\u001b[2m:2:1)\u001b[22m\u001b[2m\u001b[22m\n\n\u001b[1m\u001b[31m  \u001b[1m● \u001b[22m\u001b[1mClient Order Flow API Test › Step 2: Guest Order Creation with Auto-Registration and YooKassa Redirect\u001b[39m\u001b[22m\n\n    TypeError: prisma.project.upsert is not a function\n\u001b[2m\u001b[22m\n\u001b[2m    \u001b[0m \u001b[90m 38 |\u001b[39m   beforeAll(\u001b[36masync\u001b[39m () \u001b[33m=>\u001b[39m {\u001b[22m\n\u001b[2m     \u001b[90m 39 |\u001b[39m     \u001b[90m// 1. Подготавливаем проект\u001b[39m\u001b[22m\n\u001b[2m    \u001b[31m\u001b[1m>\u001b[22m\u001b[2m\u001b[39m\u001b[90m 40 |\u001b[39m     \u001b[36mconst\u001b[39m project \u001b[33m=\u001b[39m \u001b[36mawait\u001b[39m prisma\u001b[33m.\u001b[39mproject\u001b[33m.\u001b[39mupsert({\u001b[22m\n\u001b[2m     \u001b[90m    |\u001b[39m                                          \u001b[31m\u001b[1m^\u001b[22m\u001b[2m\u001b[39m\u001b[22m\n\u001b[2m     \u001b[90m 41 |\u001b[39m       where\u001b[33m:\u001b[39m { slug\u001b[33m:\u001b[39m \u001b[32m'test-demo'\u001b[39m }\u001b[33m,\u001b[39m\u001b[22m\n\u001b[2m     \u001b[90m 42 |\u001b[39m       update\u001b[33m:\u001b[39m { domain\u001b[33m:\u001b[39m \u001b[32m'localhost'\u001b[39m }\u001b[33m,\u001b[39m\u001b[22m\n\u001b[2m     \u001b[90m 43 |\u001b[39m       create\u001b[33m:\u001b[39m {\u001b[0m\u001b[22m\n\u001b[2m\u001b[22m\n\u001b[2m      \u001b[2mat upsert (\u001b[22m\u001b[2m\u001b[0m\u001b[36msrc/tests/client_api_flow.test.ts\u001b[39m\u001b[0m\u001b[2m:40:42)\u001b[22m\u001b[2m\u001b[22m\n\u001b[2m      \u001b[2mat Generator.call (\u001b[22m\u001b[2m\u001b[0m\u001b[36msrc/tests/client_api_flow.test.ts\u001b[39m\u001b[0m\u001b[2m:2:1)\u001b[22m\u001b[2m\u001b[22m\n\u001b[2m      \u001b[2mat Generator._invoke [as next] (\u001b[22m\u001b[2m\u001b[0m\u001b[36msrc/tests/client_api_flow.test.ts\u001b[39m\u001b[0m\u001b[2m:2:1)\u001b[22m\u001b[2m\u001b[22m\n\u001b[2m      \u001b[2mat asyncGeneratorStep (\u001b[22m\u001b[2m\u001b[0m\u001b[36msrc/tests/client_api_flow.test.ts\u001b[39m\u001b[0m\u001b[2m:2:1)\u001b[22m\u001b[2m\u001b[22m\n\u001b[2m      \u001b[2mat asyncGeneratorStep (\u001b[22m\u001b[2m\u001b[0m\u001b[36msrc/tests/client_api_flow.test.ts\u001b[39m\u001b[0m\u001b[2m:2:1)\u001b[22m\u001b[2m\u001b[22m\n\u001b[2m      \u001b[2mat _next (\u001b[22m\u001b[2m\u001b[0m\u001b[36msrc/tests/client_api_flow.test.ts\u001b[39m\u001b[0m\u001b[2m:2:1)\u001b[22m\u001b[2m\u001b[22m\n\u001b[2m      \u001b[2mat Object.<anonymous> (\u001b[22m\u001b[2m\u001b[0m\u001b[36msrc/tests/client_api_flow.test.ts\u001b[39m\u001b[0m\u001b[2m:2:1)\u001b[22m\u001b[2m\u001b[22m\n\n\u001b[1m\u001b[31m  \u001b[1m● \u001b[22m\u001b[1mClient Order Flow API Test › Step 3: Database Integrity Check after order\u001b[39m\u001b[22m\n\n    TypeError: prisma.project.upsert is not a function\n\u001b[2m\u001b[22m\n\u001b[2m    \u001b[0m \u001b[90m 38 |\u001b[39m   beforeAll(\u001b[36masync\u001b[39m () \u001b[33m=>\u001b[39m {\u001b[22m\n\u001b[2m     \u001b[90m 39 |\u001b[39m     \u001b[90m// 1. Подготавливаем проект\u001b[39m\u001b[22m\n\u001b[2m    \u001b[31m\u001b[1m>\u001b[22m\u001b[2m\u001b[39m\u001b[90m 40 |\u001b[39m     \u001b[36mconst\u001b[39m project \u001b[33m=\u001b[39m \u001b[36mawait\u001b[39m prisma\u001b[33m.\u001b[39mproject\u001b[33m.\u001b[39mupsert({\u001b[22m\n\u001b[2m     \u001b[90m    |\u001b[39m                                          \u001b[31m\u001b[1m^\u001b[22m\u001b[2m\u001b[39m\u001b[22m\n\u001b[2m     \u001b[90m 41 |\u001b[39m       where\u001b[33m:\u001b[39m { slug\u001b[33m:\u001b[39m \u001b[32m'test-demo'\u001b[39m }\u001b[33m,\u001b[39m\u001b[22m\n\u001b[2m     \u001b[90m 42 |\u001b[39m       update\u001b[33m:\u001b[39m { domain\u001b[33m:\u001b[39m \u001b[32m'localhost'\u001b[39m }\u001b[33m,\u001b[39m\u001b[22m\n\u001b[2m     \u001b[90m 43 |\u001b[39m       create\u001b[33m:\u001b[39m {\u001b[0m\u001b[22m\n\u001b[2m\u001b[22m\n\u001b[2m      \u001b[2mat upsert (\u001b[22m\u001b[2m\u001b[0m\u001b[36msrc/tests/client_api_flow.test.ts\u001b[39m\u001b[0m\u001b[2m:40:42)\u001b[22m\u001b[2m\u001b[22m\n\u001b[2m      \u001b[2mat Generator.call (\u001b[22m\u001b[2m\u001b[0m\u001b[36msrc/tests/client_api_flow.test.ts\u001b[39m\u001b[0m\u001b[2m:2:1)\u001b[22m\u001b[2m\u001b[22m\n\u001b[2m      \u001b[2mat Generator._invoke [as next] (\u001b[22m\u001b[2m\u001b[0m\u001b[36msrc/tests/client_api_flow.test.ts\u001b[39m\u001b[0m\u001b[2m:2:1)\u001b[22m\u001b[2m\u001b[22m\n\u001b[2m      \u001b[2mat asyncGeneratorStep (\u001b[22m\u001b[2m\u001b[0m\u001b[36msrc/tests/client_api_flow.test.ts\u001b[39m\u001b[0m\u001b[2m:2:1)\u001b[22m\u001b[2m\u001b[22m\n\u001b[2m      \u001b[2mat asyncGeneratorStep (\u001b[22m\u001b[2m\u001b[0m\u001b[36msrc/tests/client_api_flow.test.ts\u001b[39m\u001b[0m\u001b[2m:2:1)\u001b[22m\u001b[2m\u001b[22m\n\u001b[2m      \u001b[2mat _next (\u001b[22m\u001b[2m\u001b[0m\u001b[36msrc/tests/client_api_flow.test.ts\u001b[39m\u001b[0m\u001b[2m:2:1)\u001b[22m\u001b[2m\u001b[22m\n\u001b[2m      \u001b[2mat Object.<anonymous> (\u001b[22m\u001b[2m\u001b[0m\u001b[36msrc/tests/client_api_flow.test.ts\u001b[39m\u001b[0m\u001b[2m:2:1)\u001b[22m\u001b[2m\u001b[22m\n\n\n  \u001b[1m● \u001b[22mTest suite failed to run\n\n    TypeError: Cannot read properties of undefined (reading 'map')\n\n    \u001b[0m \u001b[90m 126 |\u001b[39m     \u001b[90m// Чистим за собой\u001b[39m\n     \u001b[90m 127 |\u001b[39m     \u001b[36mconst\u001b[39m users \u001b[33m=\u001b[39m \u001b[36mawait\u001b[39m prisma\u001b[33m.\u001b[39muser\u001b[33m.\u001b[39mfindMany({ where\u001b[33m:\u001b[39m { email\u001b[33m:\u001b[39m guestEmail } })\u001b[33m;\u001b[39m\n    \u001b[31m\u001b[1m>\u001b[22m\u001b[39m\u001b[90m 128 |\u001b[39m     \u001b[36mconst\u001b[39m userIds \u001b[33m=\u001b[39m users\u001b[33m.\u001b[39mmap(u \u001b[33m=>\u001b[39m u\u001b[33m.\u001b[39mid)\u001b[33m;\u001b[39m\n     \u001b[90m     |\u001b[39m                           \u001b[31m\u001b[1m^\u001b[22m\u001b[39m\n     \u001b[90m 129 |\u001b[39m\n     \u001b[90m 130 |\u001b[39m     \u001b[36mawait\u001b[39m prisma\u001b[33m.\u001b[39mtransaction\u001b[33m.\u001b[39mdeleteMany({ where\u001b[33m:\u001b[39m { userId\u001b[33m:\u001b[39m { \u001b[36min\u001b[39m\u001b[33m:\u001b[39m userIds } } })\u001b[33m;\u001b[39m\n     \u001b[90m 131 |\u001b[39m     \u001b[36mawait\u001b[39m prisma\u001b[33m.\u001b[39mledgerEntry\u001b[33m.\u001b[39mdeleteMany({ where\u001b[33m:\u001b[39m { userId\u001b[33m:\u001b[39m { \u001b[36min\u001b[39m\u001b[33m:\u001b[39m userIds } } })\u001b[33m;\u001b[39m\u001b[0m\n\n      \u001b[2mat map (\u001b[22m\u001b[0m\u001b[36msrc/tests/client_api_flow.test.ts\u001b[39m\u001b[0m\u001b[2m:128:27)\u001b[22m\n      \u001b[2mat Generator.call (\u001b[22m\u001b[0m\u001b[36msrc/tests/client_api_flow.test.ts\u001b[39m\u001b[0m\u001b[2m:2:1)\u001b[22m\n      \u001b[2mat Generator._invoke [as next] (\u001b[22m\u001b[0m\u001b[36msrc/tests/client_api_flow.test.ts\u001b[39m\u001b[0m\u001b[2m:2:1)\u001b[22m\n      \u001b[2mat asyncGeneratorStep (\u001b[22m\u001b[0m\u001b[36msrc/tests/client_api_flow.test.ts\u001b[39m\u001b[0m\u001b[2m:2:1)\u001b[22m\n      \u001b[2mat asyncGeneratorStep (\u001b[22m\u001b[0m\u001b[36msrc/tests/client_api_flow.test.ts\u001b[39m\u001b[0m\u001b[2m:2:1)\u001b[22m\n","name":"D:\\Smmplan\\src\\tests\\client_api_flow.test.ts","startTime":1773782301288,"status":"failed","summary":""},{"assertionResults":[{"ancestorTitles":["Multi-Project Data Isolation","getActiveProjectId Resolution"],"duration":41,"failureDetails":[{"matcherResult":{"actual":null,"expected":"all","message":"\u001b[2mexpect(\u001b[22m\u001b[31mreceived\u001b[39m\u001b[2m).\u001b[22mtoBe\u001b[2m(\u001b[22m\u001b[32mexpected\u001b[39m\u001b[2m) // Object.is equality\u001b[22m\n\nExpected: \u001b[32m\"all\"\u001b[39m\nReceived: \u001b[31mnull\u001b[39m","name":"toBe","pass":false}}],"failureMessages":["Error: \u001b[2mexpect(\u001b[22m\u001b[31mreceived\u001b[39m\u001b[2m).\u001b[22mtoBe\u001b[2m(\u001b[22m\u001b[32mexpected\u001b[39m\u001b[2m) // Object.is equality\u001b[22m\n\nExpected: \u001b[32m\"all\"\u001b[39m\nReceived: \u001b[31mnull\u001b[39m\n    at toBe (D:\\Smmplan\\src\\tests\\project-isolation.test.ts:65:31)\n    at Generator.call (D:\\Smmplan\\src\\tests\\project-isolation.test.ts:2:1)\n    at Generator._invoke [as next] (D:\\Smmplan\\src\\tests\\project-isolation.test.ts:2:1)\n    at asyncGeneratorStep (D:\\Smmplan\\src\\tests\\project-isolation.test.ts:2:1)\n    at asyncGeneratorStep (D:\\Smmplan\\src\\tests\\project-isolation.test.ts:2:1)\n    at processTicksAndRejections (node:internal/process/task_queues:103:5)"],"fullName":"Multi-Project Data Isolation getActiveProjectId Resolution Global Admin should default to \"all\" if no preference set","invocations":1,"location":null,"numPassingAsserts":0,"retryReasons":[],"status":"failed","title":"Global Admin should default to \"all\" if no preference set"},{"ancestorTitles":["Multi-Project Data Isolation","getActiveProjectId Resolution"],"duration":3,"failureDetails":[{"matcherResult":{"actual":null,"expected":"project-a","message":"\u001b[2mexpect(\u001b[22m\u001b[31mreceived\u001b[39m\u001b[2m).\u001b[22mtoBe\u001b[2m(\u001b[22m\u001b[32mexpected\u001b[39m\u001b[2m) // Object.is equality\u001b[22m\n\nExpected: \u001b[32m\"project-a\"\u001b[39m\nReceived: \u001b[31mnull\u001b[39m","name":"toBe","pass":false}}],"failureMessages":["Error: \u001b[2mexpect(\u001b[22m\u001b[31mreceived\u001b[39m\u001b[2m).\u001b[22mtoBe\u001b[2m(\u001b[22m\u001b[32mexpected\u001b[39m\u001b[2m) // Object.is equality\u001b[22m\n\nExpected: \u001b[32m\"project-a\"\u001b[39m\nReceived: \u001b[31mnull\u001b[39m\n    at toBe (D:\\Smmplan\\src\\tests\\project-isolation.test.ts:77:31)\n    at Generator.call (D:\\Smmplan\\src\\tests\\project-isolation.test.ts:2:1)\n    at Generator._invoke [as next] (D:\\Smmplan\\src\\tests\\project-isolation.test.ts:2:1)\n    at asyncGeneratorStep (D:\\Smmplan\\src\\tests\\project-isolation.test.ts:2:1)\n    at asyncGeneratorStep (D:\\Smmplan\\src\\tests\\project-isolation.test.ts:2:1)\n    at processTicksAndRejections (node:internal/process/task_queues:103:5)"],"fullName":"Multi-Project Data Isolation getActiveProjectId Resolution Regular Admin should default to first allowed project","invocations":1,"location":null,"numPassingAsserts":0,"retryReasons":[],"status":"failed","title":"Regular Admin should default to first allowed project"},{"ancestorTitles":["Multi-Project Data Isolation","validateProjectAccess"],"duration":22,"failureDetails":[{}],"failureMessages":["TypeError: (0 , _adminSession.validateProjectAccess) is not a function\n    at D:\\Smmplan\\src\\tests\\project-isolation.test.ts:92:58\n    at Generator.call (D:\\Smmplan\\src\\tests\\project-isolation.test.ts:2:1)\n    at Generator._invoke [as next] (D:\\Smmplan\\src\\tests\\project-isolation.test.ts:2:1)\n    at asyncGeneratorStep (D:\\Smmplan\\src\\tests\\project-isolation.test.ts:2:1)\n    at asyncGeneratorStep (D:\\Smmplan\\src\\tests\\project-isolation.test.ts:2:1)\n    at _next (D:\\Smmplan\\src\\tests\\project-isolation.test.ts:2:1)\n    at new Promise (<anonymous>)\n    at Object.<anonymous> (D:\\Smmplan\\src\\tests\\project-isolation.test.ts:2:1)\n    at Promise.then.completed (D:\\Smmplan\\node_modules\\jest-circus\\build\\utils.js:298:28)\n    at new Promise (<anonymous>)\n    at callAsyncCircusFn (D:\\Smmplan\\node_modules\\jest-circus\\build\\utils.js:231:10)\n    at _callCircusTest (D:\\Smmplan\\node_modules\\jest-circus\\build\\run.js:316:40)\n    at processTicksAndRejections (node:internal/process/task_queues:103:5)\n    at _runTest (D:\\Smmplan\\node_modules\\jest-circus\\build\\run.js:252:3)\n    at _runTestsForDescribeBlock (D:\\Smmplan\\node_modules\\jest-circus\\build\\run.js:126:9)\n    at _runTestsForDescribeBlock (D:\\Smmplan\\node_modules\\jest-circus\\build\\run.js:121:9)\n    at _runTestsForDescribeBlock (D:\\Smmplan\\node_modules\\jest-circus\\build\\run.js:121:9)\n    at run (D:\\Smmplan\\node_modules\\jest-circus\\build\\run.js:71:3)\n    at runAndTransformResultsToJestFormat (D:\\Smmplan\\node_modules\\jest-circus\\build\\legacy-code-todo-rewrite\\jestAdapterInit.js:122:21)\n    at jestAdapter (D:\\Smmplan\\node_modules\\jest-circus\\build\\legacy-code-todo-rewrite\\jestAdapter.js:79:19)\n    at runTestInternal (D:\\Smmplan\\node_modules\\jest-runner\\build\\runTest.js:367:16)\n    at runTest (D:\\Smmplan\\node_modules\\jest-runner\\build\\runTest.js:444:34)\n    at Object.worker (D:\\Smmplan\\node_modules\\jest-runner\\build\\testWorker.js:106:12)"],"fullName":"Multi-Project Data Isolation validateProjectAccess Should block access for unauthorized projects","invocations":1,"location":null,"numPassingAsserts":0,"retryReasons":[],"status":"failed","title":"Should block access for unauthorized projects"},{"ancestorTitles":["Multi-Project Data Isolation","validateProjectAccess"],"duration":1,"failureDetails":[{}],"failureMessages":["TypeError: (0 , _adminSession.validateProjectAccess) is not a function\n    at D:\\Smmplan\\src\\tests\\project-isolation.test.ts:106:58\n    at Generator.call (D:\\Smmplan\\src\\tests\\project-isolation.test.ts:2:1)\n    at Generator._invoke [as next] (D:\\Smmplan\\src\\tests\\project-isolation.test.ts:2:1)\n    at asyncGeneratorStep (D:\\Smmplan\\src\\tests\\project-isolation.test.ts:2:1)\n    at asyncGeneratorStep (D:\\Smmplan\\src\\tests\\project-isolation.test.ts:2:1)\n    at _next (D:\\Smmplan\\src\\tests\\project-isolation.test.ts:2:1)\n    at new Promise (<anonymous>)\n    at Object.<anonymous> (D:\\Smmplan\\src\\tests\\project-isolation.test.ts:2:1)\n    at Promise.then.completed (D:\\Smmplan\\node_modules\\jest-circus\\build\\utils.js:298:28)\n    at new Promise (<anonymous>)\n    at callAsyncCircusFn (D:\\Smmplan\\node_modules\\jest-circus\\build\\utils.js:231:10)\n    at _callCircusTest (D:\\Smmplan\\node_modules\\jest-circus\\build\\run.js:316:40)\n    at processTicksAndRejections (node:internal/process/task_queues:103:5)\n    at _runTest (D:\\Smmplan\\node_modules\\jest-circus\\build\\run.js:252:3)\n    at _runTestsForDescribeBlock (D:\\Smmplan\\node_modules\\jest-circus\\build\\run.js:126:9)\n    at _runTestsForDescribeBlock (D:\\Smmplan\\node_modules\\jest-circus\\build\\run.js:121:9)\n    at _runTestsForDescribeBlock (D:\\Smmplan\\node_modules\\jest-circus\\build\\run.js:121:9)\n    at run (D:\\Smmplan\\node_modules\\jest-circus\\build\\run.js:71:3)\n    at runAndTransformResultsToJestFormat (D:\\Smmplan\\node_modules\\jest-circus\\build\\legacy-code-todo-rewrite\\jestAdapterInit.js:122:21)\n    at jestAdapter (D:\\Smmplan\\node_modules\\jest-circus\\build\\legacy-code-todo-rewrite\\jestAdapter.js:79:19)\n    at runTestInternal (D:\\Smmplan\\node_modules\\jest-runner\\build\\runTest.js:367:16)\n    at runTest (D:\\Smmplan\\node_modules\\jest-runner\\build\\runTest.js:444:34)\n    at Object.worker (D:\\Smmplan\\node_modules\\jest-runner\\build\\testWorker.js:106:12)"],"fullName":"Multi-Project Data Isolation validateProjectAccess Should allow access for authorized projects","invocations":1,"location":null,"numPassingAsserts":0,"retryReasons":[],"status":"failed","title":"Should allow access for authorized projects"}],"endTime":1773782278693,"message":"\u001b[1m\u001b[31m  \u001b[1m● \u001b[22m\u001b[1mMulti-Project Data Isolation › getActiveProjectId Resolution › Global Admin should default to \"all\" if no preference set\u001b[39m\u001b[22m\n\n    \u001b[2mexpect(\u001b[22m\u001b[31mreceived\u001b[39m\u001b[2m).\u001b[22mtoBe\u001b[2m(\u001b[22m\u001b[32mexpected\u001b[39m\u001b[2m) // Object.is equality\u001b[22m\n\n    Expected: \u001b[32m\"all\"\u001b[39m\n    Received: \u001b[31mnull\u001b[39m\n\u001b[2m\u001b[22m\n\u001b[2m    \u001b[0m \u001b[90m 63 |\u001b[39m\u001b[22m\n\u001b[2m     \u001b[90m 64 |\u001b[39m             \u001b[36mconst\u001b[39m projectId \u001b[33m=\u001b[39m \u001b[36mawait\u001b[39m getActiveProjectId()\u001b[33m;\u001b[39m\u001b[22m\n\u001b[2m    \u001b[31m\u001b[1m>\u001b[22m\u001b[2m\u001b[39m\u001b[90m 65 |\u001b[39m             expect(projectId)\u001b[33m.\u001b[39mtoBe(\u001b[32m'all'\u001b[39m)\u001b[33m;\u001b[39m\u001b[22m\n\u001b[2m     \u001b[90m    |\u001b[39m                               \u001b[31m\u001b[1m^\u001b[22m\u001b[2m\u001b[39m\u001b[22m\n\u001b[2m     \u001b[90m 66 |\u001b[39m         })\u001b[33m;\u001b[39m\u001b[22m\n\u001b[2m     \u001b[90m 67 |\u001b[39m\u001b[22m\n\u001b[2m     \u001b[90m 68 |\u001b[39m         test(\u001b[32m'Regular Admin should default to first allowed project'\u001b[39m\u001b[33m,\u001b[39m \u001b[36masync\u001b[39m () \u001b[33m=>\u001b[39m {\u001b[0m\u001b[22m\n\u001b[2m\u001b[22m\n\u001b[2m      \u001b[2mat toBe (\u001b[22m\u001b[2m\u001b[0m\u001b[36msrc/tests/project-isolation.test.ts\u001b[39m\u001b[0m\u001b[2m:65:31)\u001b[22m\u001b[2m\u001b[22m\n\u001b[2m      \u001b[2mat Generator.call (\u001b[22m\u001b[2m\u001b[0m\u001b[36msrc/tests/project-isolation.test.ts\u001b[39m\u001b[0m\u001b[2m:2:1)\u001b[22m\u001b[2m\u001b[22m\n\u001b[2m      \u001b[2mat Generator._invoke [as next] (\u001b[22m\u001b[2m\u001b[0m\u001b[36msrc/tests/project-isolation.test.ts\u001b[39m\u001b[0m\u001b[2m:2:1)\u001b[22m\u001b[2m\u001b[22m\n\u001b[2m      \u001b[2mat asyncGeneratorStep (\u001b[22m\u001b[2m\u001b[0m\u001b[36msrc/tests/project-isolation.test.ts\u001b[39m\u001b[0m\u001b[2m:2:1)\u001b[22m\u001b[2m\u001b[22m\n\u001b[2m      \u001b[2mat asyncGeneratorStep (\u001b[22m\u001b[2m\u001b[0m\u001b[36msrc/tests/project-isolation.test.ts\u001b[39m\u001b[0m\u001b[2m:2:1)\u001b[22m\u001b[2m\u001b[22m\n\n\u001b[1m\u001b[31m  \u001b[1m● \u001b[22m\u001b[1mMulti-Project Data Isolation › getActiveProjectId Resolution › Regular Admin should default to first allowed project\u001b[39m\u001b[22m\n\n    \u001b[2mexpect(\u001b[22m\u001b[31mreceived\u001b[39m\u001b[2m).\u001b[22mtoBe\u001b[2m(\u001b[22m\u001b[32mexpected\u001b[39m\u001b[2m) // Object.is equality\u001b[22m\n\n    Expected: \u001b[32m\"project-a\"\u001b[39m\n    Received: \u001b[31mnull\u001b[39m\n\u001b[2m\u001b[22m\n\u001b[2m    \u001b[0m \u001b[90m 75 |\u001b[39m\u001b[22m\n\u001b[2m     \u001b[90m 76 |\u001b[39m             \u001b[36mconst\u001b[39m projectId \u001b[33m=\u001b[39m \u001b[36mawait\u001b[39m getActiveProjectId()\u001b[33m;\u001b[39m\u001b[22m\n\u001b[2m    \u001b[31m\u001b[1m>\u001b[22m\u001b[2m\u001b[39m\u001b[90m 77 |\u001b[39m             expect(projectId)\u001b[33m.\u001b[39mtoBe(\u001b[32m'project-a'\u001b[39m)\u001b[33m;\u001b[39m\u001b[22m\n\u001b[2m     \u001b[90m    |\u001b[39m                               \u001b[31m\u001b[1m^\u001b[22m\u001b[2m\u001b[39m\u001b[22m\n\u001b[2m     \u001b[90m 78 |\u001b[39m         })\u001b[33m;\u001b[39m\u001b[22m\n\u001b[2m     \u001b[90m 79 |\u001b[39m     })\u001b[33m;\u001b[39m\u001b[22m\n\u001b[2m     \u001b[90m 80 |\u001b[39m\u001b[0m\u001b[22m\n\u001b[2m\u001b[22m\n\u001b[2m      \u001b[2mat toBe (\u001b[22m\u001b[2m\u001b[0m\u001b[36msrc/tests/project-isolation.test.ts\u001b[39m\u001b[0m\u001b[2m:77:31)\u001b[22m\u001b[2m\u001b[22m\n\u001b[2m      \u001b[2mat Generator.call (\u001b[22m\u001b[2m\u001b[0m\u001b[36msrc/tests/project-isolation.test.ts\u001b[39m\u001b[0m\u001b[2m:2:1)\u001b[22m\u001b[2m\u001b[22m\n\u001b[2m      \u001b[2mat Generator._invoke [as next] (\u001b[22m\u001b[2m\u001b[0m\u001b[36msrc/tests/project-isolation.test.ts\u001b[39m\u001b[0m\u001b[2m:2:1)\u001b[22m\u001b[2m\u001b[22m\n\u001b[2m      \u001b[2mat asyncGeneratorStep (\u001b[22m\u001b[2m\u001b[0m\u001b[36msrc/tests/project-isolation.test.ts\u001b[39m\u001b[0m\u001b[2m:2:1)\u001b[22m\u001b[2m\u001b[22m\n\u001b[2m      \u001b[2mat asyncGeneratorStep (\u001b[22m\u001b[2m\u001b[0m\u001b[36msrc/tests/project-isolation.test.ts\u001b[39m\u001b[0m\u001b[2m:2:1)\u001b[22m\u001b[2m\u001b[22m\n\n\u001b[1m\u001b[31m  \u001b[1m● \u001b[22m\u001b[1mMulti-Project Data Isolation › validateProjectAccess › Should block access for unauthorized projects\u001b[39m\u001b[22m\n\n    TypeError: (0 , _adminSession.validateProjectAccess) is not a function\n\u001b[2m\u001b[22m\n\u001b[2m    \u001b[0m \u001b[90m 90 |\u001b[39m             })\u001b[33m;\u001b[39m\u001b[22m\n\u001b[2m     \u001b[90m 91 |\u001b[39m\u001b[22m\n\u001b[2m    \u001b[31m\u001b[1m>\u001b[22m\u001b[2m\u001b[39m\u001b[90m 92 |\u001b[39m             \u001b[36mconst\u001b[39m hasAccess \u001b[33m=\u001b[39m \u001b[36mawait\u001b[39m validateProjectAccess(\u001b[32m'project-b'\u001b[39m)\u001b[33m;\u001b[39m\u001b[22m\n\u001b[2m     \u001b[90m    |\u001b[39m                                                          \u001b[31m\u001b[1m^\u001b[22m\u001b[2m\u001b[39m\u001b[22m\n\u001b[2m     \u001b[90m 93 |\u001b[39m             expect(hasAccess)\u001b[33m.\u001b[39mtoBe(\u001b[36mfalse\u001b[39m)\u001b[33m;\u001b[39m\u001b[22m\n\u001b[2m     \u001b[90m 94 |\u001b[39m         })\u001b[33m;\u001b[39m\u001b[22m\n\u001b[2m     \u001b[90m 95 |\u001b[39m\u001b[0m\u001b[22m\n\u001b[2m\u001b[22m\n\u001b[2m      \u001b[2mat \u001b[22m\u001b[2m\u001b[0m\u001b[36msrc/tests/project-isolation.test.ts\u001b[39m\u001b[0m\u001b[2m:92:58\u001b[22m\u001b[2m\u001b[22m\n\u001b[2m      \u001b[2mat Generator.call (\u001b[22m\u001b[2m\u001b[0m\u001b[36msrc/tests/project-isolation.test.ts\u001b[39m\u001b[0m\u001b[2m:2:1)\u001b[22m\u001b[2m\u001b[22m\n\u001b[2m      \u001b[2mat Generator._invoke [as next] (\u001b[22m\u001b[2m\u001b[0m\u001b[36msrc/tests/project-isolation.test.ts\u001b[39m\u001b[0m\u001b[2m:2:1)\u001b[22m\u001b[2m\u001b[22m\n\u001b[2m      \u001b[2mat asyncGeneratorStep (\u001b[22m\u001b[2m\u001b[0m\u001b[36msrc/tests/project-isolation.test.ts\u001b[39m\u001b[0m\u001b[2m:2:1)\u001b[22m\u001b[2m\u001b[22m\n\u001b[2m      \u001b[2mat asyncGeneratorStep (\u001b[22m\u001b[2m\u001b[0m\u001b[36msrc/tests/project-isolation.test.ts\u001b[39m\u001b[0m\u001b[2m:2:1)\u001b[22m\u001b[2m\u001b[22m\n\u001b[2m      \u001b[2mat _next (\u001b[22m\u001b[2m\u001b[0m\u001b[36msrc/tests/project-isolation.test.ts\u001b[39m\u001b[0m\u001b[2m:2:1)\u001b[22m\u001b[2m\u001b[22m\n\u001b[2m      \u001b[2mat Object.<anonymous> (\u001b[22m\u001b[2m\u001b[0m\u001b[36msrc/tests/project-isolation.test.ts\u001b[39m\u001b[0m\u001b[2m:2:1)\u001b[22m\u001b[2m\u001b[22m\n\n\u001b[1m\u001b[31m  \u001b[1m● \u001b[22m\u001b[1mMulti-Project Data Isolation › validateProjectAccess › Should allow access for authorized projects\u001b[39m\u001b[22m\n\n    TypeError: (0 , _adminSession.validateProjectAccess) is not a function\n\u001b[2m\u001b[22m\n\u001b[2m    \u001b[0m \u001b[90m 104 |\u001b[39m             })\u001b[33m;\u001b[39m\u001b[22m\n\u001b[2m     \u001b[90m 105 |\u001b[39m\u001b[22m\n\u001b[2m    \u001b[31m\u001b[1m>\u001b[22m\u001b[2m\u001b[39m\u001b[90m 106 |\u001b[39m             \u001b[36mconst\u001b[39m hasAccess \u001b[33m=\u001b[39m \u001b[36mawait\u001b[39m validateProjectAccess(\u001b[32m'project-a'\u001b[39m)\u001b[33m;\u001b[39m\u001b[22m\n\u001b[2m     \u001b[90m     |\u001b[39m                                                          \u001b[31m\u001b[1m^\u001b[22m\u001b[2m\u001b[39m\u001b[22m\n\u001b[2m     \u001b[90m 107 |\u001b[39m             expect(hasAccess)\u001b[33m.\u001b[39mtoBe(\u001b[36mtrue\u001b[39m)\u001b[33m;\u001b[39m\u001b[22m\n\u001b[2m     \u001b[90m 108 |\u001b[39m         })\u001b[33m;\u001b[39m\u001b[22m\n\u001b[2m     \u001b[90m 109 |\u001b[39m     })\u001b[33m;\u001b[39m\u001b[0m\u001b[22m\n\u001b[2m\u001b[22m\n\u001b[2m      \u001b[2mat \u001b[22m\u001b[2m\u001b[0m\u001b[36msrc/tests/project-isolation.test.ts\u001b[39m\u001b[0m\u001b[2m:106:58\u001b[22m\u001b[2m\u001b[22m\n\u001b[2m      \u001b[2mat Generator.call (\u001b[22m\u001b[2m\u001b[0m\u001b[36msrc/tests/project-isolation.test.ts\u001b[39m\u001b[0m\u001b[2m:2:1)\u001b[22m\u001b[2m\u001b[22m\n\u001b[2m      \u001b[2mat Generator._invoke [as next] (\u001b[22m\u001b[2m\u001b[0m\u001b[36msrc/tests/project-isolation.test.ts\u001b[39m\u001b[0m\u001b[2m:2:1)\u001b[22m\u001b[2m\u001b[22m\n\u001b[2m      \u001b[2mat asyncGeneratorStep (\u001b[22m\u001b[2m\u001b[0m\u001b[36msrc/tests/project-isolation.test.ts\u001b[39m\u001b[0m\u001b[2m:2:1)\u001b[22m\u001b[2m\u001b[22m\n\u001b[2m      \u001b[2mat asyncGeneratorStep (\u001b[22m\u001b[2m\u001b[0m\u001b[36msrc/tests/project-isolation.test.ts\u001b[39m\u001b[0m\u001b[2m:2:1)\u001b[22m\u001b[2m\u001b[22m\n\u001b[2m      \u001b[2mat _next (\u001b[22m\u001b[2m\u001b[0m\u001b[36msrc/tests/project-isolation.test.ts\u001b[39m\u001b[0m\u001b[2m:2:1)\u001b[22m\u001b[2m\u001b[22m\n\u001b[2m      \u001b[2mat Object.<anonymous> (\u001b[22m\u001b[2m\u001b[0m\u001b[36msrc/tests/project-isolation.test.ts\u001b[39m\u001b[0m\u001b[2m:2:1)\u001b[22m\u001b[2m\u001b[22m\n","name":"D:\\Smmplan\\src\\tests\\project-isolation.test.ts","startTime":1773782273965,"status":"failed","summary":""},{"assertionResults":[{"ancestorTitles":["Link and Service Analysis Tests","LinkService.analyze (Link Context Detection)"],"duration":26,"failureDetails":[],"failureMessages":[],"fullName":"Link and Service Analysis Tests LinkService.analyze (Link Context Detection) Should identify Telegram Public Channel","invocations":1,"location":null,"numPassingAsserts":4,"retryReasons":[],"status":"passed","title":"Should identify Telegram Public Channel"},{"ancestorTitles":["Link and Service Analysis Tests","LinkService.analyze (Link Context Detection)"],"duration":5,"failureDetails":[],"failureMessages":[],"fullName":"Link and Service Analysis Tests LinkService.analyze (Link Context Detection) Should identify Telegram Private Channel (+)","invocations":1,"location":null,"numPassingAsserts":3,"retryReasons":[],"status":"passed","title":"Should identify Telegram Private Channel (+)"},{"ancestorTitles":["Link and Service Analysis Tests","LinkService.analyze (Link Context Detection)"],"duration":1,"failureDetails":[],"failureMessages":[],"fullName":"Link and Service Analysis Tests LinkService.analyze (Link Context Detection) Should identify Telegram Boost Link","invocations":1,"location":null,"numPassingAsserts":3,"retryReasons":[],"status":"passed","title":"Should identify Telegram Boost Link"},{"ancestorTitles":["Link and Service Analysis Tests","LinkService.analyze (Link Context Detection)"],"duration":15,"failureDetails":[],"failureMessages":[],"fullName":"Link and Service Analysis Tests LinkService.analyze (Link Context Detection) Should identify Telegram Private Channel (/joinchat/)","invocations":1,"location":null,"numPassingAsserts":2,"retryReasons":[],"status":"passed","title":"Should identify Telegram Private Channel (/joinchat/)"},{"ancestorTitles":["Link and Service Analysis Tests","LinkService.analyze (Link Context Detection)"],"duration":9,"failureDetails":[],"failureMessages":[],"fullName":"Link and Service Analysis Tests LinkService.analyze (Link Context Detection) Should identify Telegram Public Post","invocations":1,"location":null,"numPassingAsserts":5,"retryReasons":[],"status":"passed","title":"Should identify Telegram Public Post"},{"ancestorTitles":["Link and Service Analysis Tests","LinkService.analyze (Link Context Detection)"],"duration":13,"failureDetails":[],"failureMessages":[],"fullName":"Link and Service Analysis Tests LinkService.analyze (Link Context Detection) Should identify Telegram Public Post with alphanumeric username","invocations":1,"location":null,"numPassingAsserts":1,"retryReasons":[],"status":"passed","title":"Should identify Telegram Public Post with alphanumeric username"},{"ancestorTitles":["Link and Service Analysis Tests","LinkService.analyze (Link Context Detection)"],"duration":19,"failureDetails":[{"matcherResult":{"message":"\u001b[2mexpect(\u001b[22m\u001b[31mreceived\u001b[39m\u001b[2m).\u001b[22mtoBeNull\u001b[2m()\u001b[22m\n\nReceived: \u001b[31m{\"isPrivate\": undefined, \"objectType\": \"WEB_SITE\", \"platform\": \"OTHER\", \"possibleCategories\": [\"TRAFFIC\", \"OTHER\", \"REVIEWS\"], \"targetType\": \"CHANNEL\"}\u001b[39m","pass":false}}],"failureMessages":["Error: \u001b[2mexpect(\u001b[22m\u001b[31mreceived\u001b[39m\u001b[2m).\u001b[22mtoBeNull\u001b[2m()\u001b[22m\n\nReceived: \u001b[31m{\"isPrivate\": undefined, \"objectType\": \"WEB_SITE\", \"platform\": \"OTHER\", \"possibleCategories\": [\"TRAFFIC\", \"OTHER\", \"REVIEWS\"], \"targetType\": \"CHANNEL\"}\u001b[39m\n    at Object.toBeNull (D:\\Smmplan\\src\\tests\\link-filtering.test.ts:58:28)\n    at Promise.then.completed (D:\\Smmplan\\node_modules\\jest-circus\\build\\utils.js:298:28)\n    at new Promise (<anonymous>)\n    at callAsyncCircusFn (D:\\Smmplan\\node_modules\\jest-circus\\build\\utils.js:231:10)\n    at _callCircusTest (D:\\Smmplan\\node_modules\\jest-circus\\build\\run.js:316:40)\n    at processTicksAndRejections (node:internal/process/task_queues:103:5)\n    at _runTest (D:\\Smmplan\\node_modules\\jest-circus\\build\\run.js:252:3)\n    at _runTestsForDescribeBlock (D:\\Smmplan\\node_modules\\jest-circus\\build\\run.js:126:9)\n    at _runTestsForDescribeBlock (D:\\Smmplan\\node_modules\\jest-circus\\build\\run.js:121:9)\n    at _runTestsForDescribeBlock (D:\\Smmplan\\node_modules\\jest-circus\\build\\run.js:121:9)\n    at run (D:\\Smmplan\\node_modules\\jest-circus\\build\\run.js:71:3)\n    at runAndTransformResultsToJestFormat (D:\\Smmplan\\node_modules\\jest-circus\\build\\legacy-code-todo-rewrite\\jestAdapterInit.js:122:21)\n    at jestAdapter (D:\\Smmplan\\node_modules\\jest-circus\\build\\legacy-code-todo-rewrite\\jestAdapter.js:79:19)\n    at runTestInternal (D:\\Smmplan\\node_modules\\jest-runner\\build\\runTest.js:367:16)\n    at runTest (D:\\Smmplan\\node_modules\\jest-runner\\build\\runTest.js:444:34)\n    at Object.worker (D:\\Smmplan\\node_modules\\jest-runner\\build\\testWorker.js:106:12)"],"fullName":"Link and Service Analysis Tests LinkService.analyze (Link Context Detection) Should return null for invalid/broken link","invocations":1,"location":null,"numPassingAsserts":0,"retryReasons":[],"status":"failed","title":"Should return null for invalid/broken link"},{"ancestorTitles":["Link and Service Analysis Tests","LinkService.analyze (Link Context Detection)"],"duration":1,"failureDetails":[],"failureMessages":[],"fullName":"Link and Service Analysis Tests LinkService.analyze (Link Context Detection) Should handle malformed but recognizable links","invocations":1,"location":null,"numPassingAsserts":1,"retryReasons":[],"status":"passed","title":"Should handle malformed but recognizable links"},{"ancestorTitles":["Link and Service Analysis Tests","SmartAnalyzerService.analyzeService (Service Metadata Detection)"],"duration":3,"failureDetails":[{}],"failureMessages":["TypeError: Cannot read properties of undefined (reading 'findMany')\n    at findMany (D:\\Smmplan\\src\\services\\providers\\smart-analyzer.service.ts:22:44)\n    at Generator.call (D:\\Smmplan\\src\\services\\providers\\smart-analyzer.service.ts:2:1)\n    at Generator._invoke [as next] (D:\\Smmplan\\src\\services\\providers\\smart-analyzer.service.ts:2:1)\n    at asyncGeneratorStep (D:\\Smmplan\\src\\services\\providers\\smart-analyzer.service.ts:2:1)\n    at asyncGeneratorStep (D:\\Smmplan\\src\\services\\providers\\smart-analyzer.service.ts:2:1)\n    at _next (D:\\Smmplan\\src\\services\\providers\\smart-analyzer.service.ts:2:1)\n    at new Promise (<anonymous>)\n    at SmartAnalyzerService.<anonymous> (D:\\Smmplan\\src\\services\\providers\\smart-analyzer.service.ts:2:1)\n    at SmartAnalyzerService.apply [as getPlatforms] (D:\\Smmplan\\src\\services\\providers\\smart-analyzer.service.ts:19:30)\n    at SmartAnalyzerService.getPlatforms (D:\\Smmplan\\src\\services\\providers\\smart-analyzer.service.ts:35:38)\n    at Generator.call (D:\\Smmplan\\src\\services\\providers\\smart-analyzer.service.ts:2:1)\n    at Generator._invoke [as next] (D:\\Smmplan\\src\\services\\providers\\smart-analyzer.service.ts:2:1)\n    at asyncGeneratorStep (D:\\Smmplan\\src\\services\\providers\\smart-analyzer.service.ts:2:1)\n    at asyncGeneratorStep (D:\\Smmplan\\src\\services\\providers\\smart-analyzer.service.ts:2:1)\n    at _next (D:\\Smmplan\\src\\services\\providers\\smart-analyzer.service.ts:2:1)\n    at new Promise (<anonymous>)\n    at SmartAnalyzerService.<anonymous> (D:\\Smmplan\\src\\services\\providers\\smart-analyzer.service.ts:2:1)\n    at SmartAnalyzerService.apply [as analyzeService] (D:\\Smmplan\\src\\services\\providers\\smart-analyzer.service.ts:34:32)\n    at analyzeService (D:\\Smmplan\\src\\tests\\link-filtering.test.ts:70:55)\n    at Generator.call (D:\\Smmplan\\src\\tests\\link-filtering.test.ts:2:1)\n    at Generator._invoke [as next] (D:\\Smmplan\\src\\tests\\link-filtering.test.ts:2:1)\n    at asyncGeneratorStep (D:\\Smmplan\\src\\tests\\link-filtering.test.ts:2:1)\n    at asyncGeneratorStep (D:\\Smmplan\\src\\tests\\link-filtering.test.ts:2:1)\n    at _next (D:\\Smmplan\\src\\tests\\link-filtering.test.ts:2:1)\n    at new Promise (<anonymous>)\n    at Object.<anonymous> (D:\\Smmplan\\src\\tests\\link-filtering.test.ts:2:1)\n    at Promise.then.completed (D:\\Smmplan\\node_modules\\jest-circus\\build\\utils.js:298:28)\n    at new Promise (<anonymous>)\n    at callAsyncCircusFn (D:\\Smmplan\\node_modules\\jest-circus\\build\\utils.js:231:10)\n    at _callCircusTest (D:\\Smmplan\\node_modules\\jest-circus\\build\\run.js:316:40)\n    at processTicksAndRejections (node:internal/process/task_queues:103:5)\n    at _runTest (D:\\Smmplan\\node_modules\\jest-circus\\build\\run.js:252:3)\n    at _runTestsForDescribeBlock (D:\\Smmplan\\node_modules\\jest-circus\\build\\run.js:126:9)\n    at _runTestsForDescribeBlock (D:\\Smmplan\\node_modules\\jest-circus\\build\\run.js:121:9)\n    at _runTestsForDescribeBlock (D:\\Smmplan\\node_modules\\jest-circus\\build\\run.js:121:9)\n    at run (D:\\Smmplan\\node_modules\\jest-circus\\build\\run.js:71:3)\n    at runAndTransformResultsToJestFormat (D:\\Smmplan\\node_modules\\jest-circus\\build\\legacy-code-todo-rewrite\\jestAdapterInit.js:122:21)\n    at jestAdapter (D:\\Smmplan\\node_modules\\jest-circus\\build\\legacy-code-todo-rewrite\\jestAdapter.js:79:19)\n    at runTestInternal (D:\\Smmplan\\node_modules\\jest-runner\\build\\runTest.js:367:16)\n    at runTest (D:\\Smmplan\\node_modules\\jest-runner\\build\\runTest.js:444:34)\n    at Object.worker (D:\\Smmplan\\node_modules\\jest-runner\\build\\testWorker.js:106:12)"],"fullName":"Link and Service Analysis Tests SmartAnalyzerService.analyzeService (Service Metadata Detection) Should detect Subscriber service as CHANNEL","invocations":1,"location":null,"numPassingAsserts":0,"retryReasons":[],"status":"failed","title":"Should detect Subscriber service as CHANNEL"},{"ancestorTitles":["Link and Service Analysis Tests","SmartAnalyzerService.analyzeService (Service Metadata Detection)"],"duration":1,"failureDetails":[{}],"failureMessages":["TypeError: Cannot read properties of undefined (reading 'findMany')\n    at findMany (D:\\Smmplan\\src\\services\\providers\\smart-analyzer.service.ts:22:44)\n    at Generator.call (D:\\Smmplan\\src\\services\\providers\\smart-analyzer.service.ts:2:1)\n    at Generator._invoke [as next] (D:\\Smmplan\\src\\services\\providers\\smart-analyzer.service.ts:2:1)\n    at asyncGeneratorStep (D:\\Smmplan\\src\\services\\providers\\smart-analyzer.service.ts:2:1)\n    at asyncGeneratorStep (D:\\Smmplan\\src\\services\\providers\\smart-analyzer.service.ts:2:1)\n    at _next (D:\\Smmplan\\src\\services\\providers\\smart-analyzer.service.ts:2:1)\n    at new Promise (<anonymous>)\n    at SmartAnalyzerService.<anonymous> (D:\\Smmplan\\src\\services\\providers\\smart-analyzer.service.ts:2:1)\n    at SmartAnalyzerService.apply [as getPlatforms] (D:\\Smmplan\\src\\services\\providers\\smart-analyzer.service.ts:19:30)\n    at SmartAnalyzerService.getPlatforms (D:\\Smmplan\\src\\services\\providers\\smart-analyzer.service.ts:35:38)\n    at Generator.call (D:\\Smmplan\\src\\services\\providers\\smart-analyzer.service.ts:2:1)\n    at Generator._invoke [as next] (D:\\Smmplan\\src\\services\\providers\\smart-analyzer.service.ts:2:1)\n    at asyncGeneratorStep (D:\\Smmplan\\src\\services\\providers\\smart-analyzer.service.ts:2:1)\n    at asyncGeneratorStep (D:\\Smmplan\\src\\services\\providers\\smart-analyzer.service.ts:2:1)\n    at _next (D:\\Smmplan\\src\\services\\providers\\smart-analyzer.service.ts:2:1)\n    at new Promise (<anonymous>)\n    at SmartAnalyzerService.<anonymous> (D:\\Smmplan\\src\\services\\providers\\smart-analyzer.service.ts:2:1)\n    at SmartAnalyzerService.apply [as analyzeService] (D:\\Smmplan\\src\\services\\providers\\smart-analyzer.service.ts:34:32)\n    at analyzeService (D:\\Smmplan\\src\\tests\\link-filtering.test.ts:76:55)\n    at Generator.call (D:\\Smmplan\\src\\tests\\link-filtering.test.ts:2:1)\n    at Generator._invoke [as next] (D:\\Smmplan\\src\\tests\\link-filtering.test.ts:2:1)\n    at asyncGeneratorStep (D:\\Smmplan\\src\\tests\\link-filtering.test.ts:2:1)\n    at asyncGeneratorStep (D:\\Smmplan\\src\\tests\\link-filtering.test.ts:2:1)\n    at _next (D:\\Smmplan\\src\\tests\\link-filtering.test.ts:2:1)\n    at new Promise (<anonymous>)\n    at Object.<anonymous> (D:\\Smmplan\\src\\tests\\link-filtering.test.ts:2:1)\n    at Promise.then.completed (D:\\Smmplan\\node_modules\\jest-circus\\build\\utils.js:298:28)\n    at new Promise (<anonymous>)\n    at callAsyncCircusFn (D:\\Smmplan\\node_modules\\jest-circus\\build\\utils.js:231:10)\n    at _callCircusTest (D:\\Smmplan\\node_modules\\jest-circus\\build\\run.js:316:40)\n    at processTicksAndRejections (node:internal/process/task_queues:103:5)\n    at _runTest (D:\\Smmplan\\node_modules\\jest-circus\\build\\run.js:252:3)\n    at _runTestsForDescribeBlock (D:\\Smmplan\\node_modules\\jest-circus\\build\\run.js:126:9)\n    at _runTestsForDescribeBlock (D:\\Smmplan\\node_modules\\jest-circus\\build\\run.js:121:9)\n    at _runTestsForDescribeBlock (D:\\Smmplan\\node_modules\\jest-circus\\build\\run.js:121:9)\n    at run (D:\\Smmplan\\node_modules\\jest-circus\\build\\run.js:71:3)\n    at runAndTransformResultsToJestFormat (D:\\Smmplan\\node_modules\\jest-circus\\build\\legacy-code-todo-rewrite\\jestAdapterInit.js:122:21)\n    at jestAdapter (D:\\Smmplan\\node_modules\\jest-circus\\build\\legacy-code-todo-rewrite\\jestAdapter.js:79:19)\n    at runTestInternal (D:\\Smmplan\\node_modules\\jest-runner\\build\\runTest.js:367:16)\n    at runTest (D:\\Smmplan\\node_modules\\jest-runner\\build\\runTest.js:444:34)\n    at Object.worker (D:\\Smmplan\\node_modules\\jest-runner\\build\\testWorker.js:106:12)"],"fullName":"Link and Service Analysis Tests SmartAnalyzerService.analyzeService (Service Metadata Detection) Should detect Boost service as CHANNEL","invocations":1,"location":null,"numPassingAsserts":0,"retryReasons":[],"status":"failed","title":"Should detect Boost service as CHANNEL"},{"ancestorTitles":["Link and Service Analysis Tests","SmartAnalyzerService.analyzeService (Service Metadata Detection)"],"duration":1,"failureDetails":[{}],"failureMessages":["TypeError: Cannot read properties of undefined (reading 'findMany')\n    at findMany (D:\\Smmplan\\src\\services\\providers\\smart-analyzer.service.ts:22:44)\n    at Generator.call (D:\\Smmplan\\src\\services\\providers\\smart-analyzer.service.ts:2:1)\n    at Generator._invoke [as next] (D:\\Smmplan\\src\\services\\providers\\smart-analyzer.service.ts:2:1)\n    at asyncGeneratorStep (D:\\Smmplan\\src\\services\\providers\\smart-analyzer.service.ts:2:1)\n    at asyncGeneratorStep (D:\\Smmplan\\src\\services\\providers\\smart-analyzer.service.ts:2:1)\n    at _next (D:\\Smmplan\\src\\services\\providers\\smart-analyzer.service.ts:2:1)\n    at new Promise (<anonymous>)\n    at SmartAnalyzerService.<anonymous> (D:\\Smmplan\\src\\services\\providers\\smart-analyzer.service.ts:2:1)\n    at SmartAnalyzerService.apply [as getPlatforms] (D:\\Smmplan\\src\\services\\providers\\smart-analyzer.service.ts:19:30)\n    at SmartAnalyzerService.getPlatforms (D:\\Smmplan\\src\\services\\providers\\smart-analyzer.service.ts:35:38)\n    at Generator.call (D:\\Smmplan\\src\\services\\providers\\smart-analyzer.service.ts:2:1)\n    at Generator._invoke [as next] (D:\\Smmplan\\src\\services\\providers\\smart-analyzer.service.ts:2:1)\n    at asyncGeneratorStep (D:\\Smmplan\\src\\services\\providers\\smart-analyzer.service.ts:2:1)\n    at asyncGeneratorStep (D:\\Smmplan\\src\\services\\providers\\smart-analyzer.service.ts:2:1)\n    at _next (D:\\Smmplan\\src\\services\\providers\\smart-analyzer.service.ts:2:1)\n    at new Promise (<anonymous>)\n    at SmartAnalyzerService.<anonymous> (D:\\Smmplan\\src\\services\\providers\\smart-analyzer.service.ts:2:1)\n    at SmartAnalyzerService.apply [as analyzeService] (D:\\Smmplan\\src\\services\\providers\\smart-analyzer.service.ts:34:32)\n    at analyzeService (D:\\Smmplan\\src\\tests\\link-filtering.test.ts:82:55)\n    at Generator.call (D:\\Smmplan\\src\\tests\\link-filtering.test.ts:2:1)\n    at Generator._invoke [as next] (D:\\Smmplan\\src\\tests\\link-filtering.test.ts:2:1)\n    at asyncGeneratorStep (D:\\Smmplan\\src\\tests\\link-filtering.test.ts:2:1)\n    at asyncGeneratorStep (D:\\Smmplan\\src\\tests\\link-filtering.test.ts:2:1)\n    at _next (D:\\Smmplan\\src\\tests\\link-filtering.test.ts:2:1)\n    at new Promise (<anonymous>)\n    at Object.<anonymous> (D:\\Smmplan\\src\\tests\\link-filtering.test.ts:2:1)\n    at Promise.then.completed (D:\\Smmplan\\node_modules\\jest-circus\\build\\utils.js:298:28)\n    at new Promise (<anonymous>)\n    at callAsyncCircusFn (D:\\Smmplan\\node_modules\\jest-circus\\build\\utils.js:231:10)\n    at _callCircusTest (D:\\Smmplan\\node_modules\\jest-circus\\build\\run.js:316:40)\n    at processTicksAndRejections (node:internal/process/task_queues:103:5)\n    at _runTest (D:\\Smmplan\\node_modules\\jest-circus\\build\\run.js:252:3)\n    at _runTestsForDescribeBlock (D:\\Smmplan\\node_modules\\jest-circus\\build\\run.js:126:9)\n    at _runTestsForDescribeBlock (D:\\Smmplan\\node_modules\\jest-circus\\build\\run.js:121:9)\n    at _runTestsForDescribeBlock (D:\\Smmplan\\node_modules\\jest-circus\\build\\run.js:121:9)\n    at run (D:\\Smmplan\\node_modules\\jest-circus\\build\\run.js:71:3)\n    at runAndTransformResultsToJestFormat (D:\\Smmplan\\node_modules\\jest-circus\\build\\legacy-code-todo-rewrite\\jestAdapterInit.js:122:21)\n    at jestAdapter (D:\\Smmplan\\node_modules\\jest-circus\\build\\legacy-code-todo-rewrite\\jestAdapter.js:79:19)\n    at runTestInternal (D:\\Smmplan\\node_modules\\jest-runner\\build\\runTest.js:367:16)\n    at runTest (D:\\Smmplan\\node_modules\\jest-runner\\build\\runTest.js:444:34)\n    at Object.worker (D:\\Smmplan\\node_modules\\jest-runner\\build\\testWorker.js:106:12)"],"fullName":"Link and Service Analysis Tests SmartAnalyzerService.analyzeService (Service Metadata Detection) Should detect Views service as POST by default","invocations":1,"location":null,"numPassingAsserts":0,"retryReasons":[],"status":"failed","title":"Should detect Views service as POST by default"},{"ancestorTitles":["Link and Service Analysis Tests","SmartAnalyzerService.analyzeService (Service Metadata Detection)"],"duration":1,"failureDetails":[{}],"failureMessages":["TypeError: Cannot read properties of undefined (reading 'findMany')\n    at findMany (D:\\Smmplan\\src\\services\\providers\\smart-analyzer.service.ts:22:44)\n    at Generator.call (D:\\Smmplan\\src\\services\\providers\\smart-analyzer.service.ts:2:1)\n    at Generator._invoke [as next] (D:\\Smmplan\\src\\services\\providers\\smart-analyzer.service.ts:2:1)\n    at asyncGeneratorStep (D:\\Smmplan\\src\\services\\providers\\smart-analyzer.service.ts:2:1)\n    at asyncGeneratorStep (D:\\Smmplan\\src\\services\\providers\\smart-analyzer.service.ts:2:1)\n    at _next (D:\\Smmplan\\src\\services\\providers\\smart-analyzer.service.ts:2:1)\n    at new Promise (<anonymous>)\n    at SmartAnalyzerService.<anonymous> (D:\\Smmplan\\src\\services\\providers\\smart-analyzer.service.ts:2:1)\n    at SmartAnalyzerService.apply [as getPlatforms] (D:\\Smmplan\\src\\services\\providers\\smart-analyzer.service.ts:19:30)\n    at SmartAnalyzerService.getPlatforms (D:\\Smmplan\\src\\services\\providers\\smart-analyzer.service.ts:35:38)\n    at Generator.call (D:\\Smmplan\\src\\services\\providers\\smart-analyzer.service.ts:2:1)\n    at Generator._invoke [as next] (D:\\Smmplan\\src\\services\\providers\\smart-analyzer.service.ts:2:1)\n    at asyncGeneratorStep (D:\\Smmplan\\src\\services\\providers\\smart-analyzer.service.ts:2:1)\n    at asyncGeneratorStep (D:\\Smmplan\\src\\services\\providers\\smart-analyzer.service.ts:2:1)\n    at _next (D:\\Smmplan\\src\\services\\providers\\smart-analyzer.service.ts:2:1)\n    at new Promise (<anonymous>)\n    at SmartAnalyzerService.<anonymous> (D:\\Smmplan\\src\\services\\providers\\smart-analyzer.service.ts:2:1)\n    at SmartAnalyzerService.apply [as analyzeService] (D:\\Smmplan\\src\\services\\providers\\smart-analyzer.service.ts:34:32)\n    at analyzeService (D:\\Smmplan\\src\\tests\\link-filtering.test.ts:88:55)\n    at Generator.call (D:\\Smmplan\\src\\tests\\link-filtering.test.ts:2:1)\n    at Generator._invoke [as next] (D:\\Smmplan\\src\\tests\\link-filtering.test.ts:2:1)\n    at asyncGeneratorStep (D:\\Smmplan\\src\\tests\\link-filtering.test.ts:2:1)\n    at asyncGeneratorStep (D:\\Smmplan\\src\\tests\\link-filtering.test.ts:2:1)\n    at _next (D:\\Smmplan\\src\\tests\\link-filtering.test.ts:2:1)\n    at new Promise (<anonymous>)\n    at Object.<anonymous> (D:\\Smmplan\\src\\tests\\link-filtering.test.ts:2:1)\n    at Promise.then.completed (D:\\Smmplan\\node_modules\\jest-circus\\build\\utils.js:298:28)\n    at new Promise (<anonymous>)\n    at callAsyncCircusFn (D:\\Smmplan\\node_modules\\jest-circus\\build\\utils.js:231:10)\n    at _callCircusTest (D:\\Smmplan\\node_modules\\jest-circus\\build\\run.js:316:40)\n    at processTicksAndRejections (node:internal/process/task_queues:103:5)\n    at _runTest (D:\\Smmplan\\node_modules\\jest-circus\\build\\run.js:252:3)\n    at _runTestsForDescribeBlock (D:\\Smmplan\\node_modules\\jest-circus\\build\\run.js:126:9)\n    at _runTestsForDescribeBlock (D:\\Smmplan\\node_modules\\jest-circus\\build\\run.js:121:9)\n    at _runTestsForDescribeBlock (D:\\Smmplan\\node_modules\\jest-circus\\build\\run.js:121:9)\n    at run (D:\\Smmplan\\node_modules\\jest-circus\\build\\run.js:71:3)\n    at runAndTransformResultsToJestFormat (D:\\Smmplan\\node_modules\\jest-circus\\build\\legacy-code-todo-rewrite\\jestAdapterInit.js:122:21)\n    at jestAdapter (D:\\Smmplan\\node_modules\\jest-circus\\build\\legacy-code-todo-rewrite\\jestAdapter.js:79:19)\n    at runTestInternal (D:\\Smmplan\\node_modules\\jest-runner\\build\\runTest.js:367:16)\n    at runTest (D:\\Smmplan\\node_modules\\jest-runner\\build\\runTest.js:444:34)\n    at Object.worker (D:\\Smmplan\\node_modules\\jest-runner\\build\\testWorker.js:106:12)"],"fullName":"Link and Service Analysis Tests SmartAnalyzerService.analyzeService (Service Metadata Detection) Should detect Mass Views (последних постов) as CHANNEL_POSTS","invocations":1,"location":null,"numPassingAsserts":0,"retryReasons":[],"status":"failed","title":"Should detect Mass Views (последних постов) as CHANNEL_POSTS"},{"ancestorTitles":["Link and Service Analysis Tests","SmartAnalyzerService.analyzeService (Service Metadata Detection)"],"duration":2,"failureDetails":[{}],"failureMessages":["TypeError: Cannot read properties of undefined (reading 'findMany')\n    at findMany (D:\\Smmplan\\src\\services\\providers\\smart-analyzer.service.ts:22:44)\n    at Generator.call (D:\\Smmplan\\src\\services\\providers\\smart-analyzer.service.ts:2:1)\n    at Generator._invoke [as next] (D:\\Smmplan\\src\\services\\providers\\smart-analyzer.service.ts:2:1)\n    at asyncGeneratorStep (D:\\Smmplan\\src\\services\\providers\\smart-analyzer.service.ts:2:1)\n    at asyncGeneratorStep (D:\\Smmplan\\src\\services\\providers\\smart-analyzer.service.ts:2:1)\n    at _next (D:\\Smmplan\\src\\services\\providers\\smart-analyzer.service.ts:2:1)\n    at new Promise (<anonymous>)\n    at SmartAnalyzerService.<anonymous> (D:\\Smmplan\\src\\services\\providers\\smart-analyzer.service.ts:2:1)\n    at SmartAnalyzerService.apply [as getPlatforms] (D:\\Smmplan\\src\\services\\providers\\smart-analyzer.service.ts:19:30)\n    at SmartAnalyzerService.getPlatforms (D:\\Smmplan\\src\\services\\providers\\smart-analyzer.service.ts:35:38)\n    at Generator.call (D:\\Smmplan\\src\\services\\providers\\smart-analyzer.service.ts:2:1)\n    at Generator._invoke [as next] (D:\\Smmplan\\src\\services\\providers\\smart-analyzer.service.ts:2:1)\n    at asyncGeneratorStep (D:\\Smmplan\\src\\services\\providers\\smart-analyzer.service.ts:2:1)\n    at asyncGeneratorStep (D:\\Smmplan\\src\\services\\providers\\smart-analyzer.service.ts:2:1)\n    at _next (D:\\Smmplan\\src\\services\\providers\\smart-analyzer.service.ts:2:1)\n    at new Promise (<anonymous>)\n    at SmartAnalyzerService.<anonymous> (D:\\Smmplan\\src\\services\\providers\\smart-analyzer.service.ts:2:1)\n    at SmartAnalyzerService.apply [as analyzeService] (D:\\Smmplan\\src\\services\\providers\\smart-analyzer.service.ts:34:32)\n    at analyzeService (D:\\Smmplan\\src\\tests\\link-filtering.test.ts:93:55)\n    at Generator.call (D:\\Smmplan\\src\\tests\\link-filtering.test.ts:2:1)\n    at Generator._invoke [as next] (D:\\Smmplan\\src\\tests\\link-filtering.test.ts:2:1)\n    at asyncGeneratorStep (D:\\Smmplan\\src\\tests\\link-filtering.test.ts:2:1)\n    at asyncGeneratorStep (D:\\Smmplan\\src\\tests\\link-filtering.test.ts:2:1)\n    at _next (D:\\Smmplan\\src\\tests\\link-filtering.test.ts:2:1)\n    at new Promise (<anonymous>)\n    at Object.<anonymous> (D:\\Smmplan\\src\\tests\\link-filtering.test.ts:2:1)\n    at Promise.then.completed (D:\\Smmplan\\node_modules\\jest-circus\\build\\utils.js:298:28)\n    at new Promise (<anonymous>)\n    at callAsyncCircusFn (D:\\Smmplan\\node_modules\\jest-circus\\build\\utils.js:231:10)\n    at _callCircusTest (D:\\Smmplan\\node_modules\\jest-circus\\build\\run.js:316:40)\n    at processTicksAndRejections (node:internal/process/task_queues:103:5)\n    at _runTest (D:\\Smmplan\\node_modules\\jest-circus\\build\\run.js:252:3)\n    at _runTestsForDescribeBlock (D:\\Smmplan\\node_modules\\jest-circus\\build\\run.js:126:9)\n    at _runTestsForDescribeBlock (D:\\Smmplan\\node_modules\\jest-circus\\build\\run.js:121:9)\n    at _runTestsForDescribeBlock (D:\\Smmplan\\node_modules\\jest-circus\\build\\run.js:121:9)\n    at run (D:\\Smmplan\\node_modules\\jest-circus\\build\\run.js:71:3)\n    at runAndTransformResultsToJestFormat (D:\\Smmplan\\node_modules\\jest-circus\\build\\legacy-code-todo-rewrite\\jestAdapterInit.js:122:21)\n    at jestAdapter (D:\\Smmplan\\node_modules\\jest-circus\\build\\legacy-code-todo-rewrite\\jestAdapter.js:79:19)\n    at runTestInternal (D:\\Smmplan\\node_modules\\jest-runner\\build\\runTest.js:367:16)\n    at runTest (D:\\Smmplan\\node_modules\\jest-runner\\build\\runTest.js:444:34)\n    at Object.worker (D:\\Smmplan\\node_modules\\jest-runner\\build\\testWorker.js:106:12)"],"fullName":"Link and Service Analysis Tests SmartAnalyzerService.analyzeService (Service Metadata Detection) Should detect Private service keywords","invocations":1,"location":null,"numPassingAsserts":0,"retryReasons":[],"status":"failed","title":"Should detect Private service keywords"},{"ancestorTitles":["Link and Service Analysis Tests","SmartAnalyzerService.analyzeService (Service Metadata Detection)"],"duration":1,"failureDetails":[{}],"failureMessages":["TypeError: Cannot read properties of undefined (reading 'findMany')\n    at findMany (D:\\Smmplan\\src\\services\\providers\\smart-analyzer.service.ts:22:44)\n    at Generator.call (D:\\Smmplan\\src\\services\\providers\\smart-analyzer.service.ts:2:1)\n    at Generator._invoke [as next] (D:\\Smmplan\\src\\services\\providers\\smart-analyzer.service.ts:2:1)\n    at asyncGeneratorStep (D:\\Smmplan\\src\\services\\providers\\smart-analyzer.service.ts:2:1)\n    at asyncGeneratorStep (D:\\Smmplan\\src\\services\\providers\\smart-analyzer.service.ts:2:1)\n    at _next (D:\\Smmplan\\src\\services\\providers\\smart-analyzer.service.ts:2:1)\n    at new Promise (<anonymous>)\n    at SmartAnalyzerService.<anonymous> (D:\\Smmplan\\src\\services\\providers\\smart-analyzer.service.ts:2:1)\n    at SmartAnalyzerService.apply [as getPlatforms] (D:\\Smmplan\\src\\services\\providers\\smart-analyzer.service.ts:19:30)\n    at SmartAnalyzerService.getPlatforms (D:\\Smmplan\\src\\services\\providers\\smart-analyzer.service.ts:35:38)\n    at Generator.call (D:\\Smmplan\\src\\services\\providers\\smart-analyzer.service.ts:2:1)\n    at Generator._invoke [as next] (D:\\Smmplan\\src\\services\\providers\\smart-analyzer.service.ts:2:1)\n    at asyncGeneratorStep (D:\\Smmplan\\src\\services\\providers\\smart-analyzer.service.ts:2:1)\n    at asyncGeneratorStep (D:\\Smmplan\\src\\services\\providers\\smart-analyzer.service.ts:2:1)\n    at _next (D:\\Smmplan\\src\\services\\providers\\smart-analyzer.service.ts:2:1)\n    at new Promise (<anonymous>)\n    at SmartAnalyzerService.<anonymous> (D:\\Smmplan\\src\\services\\providers\\smart-analyzer.service.ts:2:1)\n    at SmartAnalyzerService.apply [as analyzeService] (D:\\Smmplan\\src\\services\\providers\\smart-analyzer.service.ts:34:32)\n    at analyzeService (D:\\Smmplan\\src\\tests\\link-filtering.test.ts:98:55)\n    at Generator.call (D:\\Smmplan\\src\\tests\\link-filtering.test.ts:2:1)\n    at Generator._invoke [as next] (D:\\Smmplan\\src\\tests\\link-filtering.test.ts:2:1)\n    at asyncGeneratorStep (D:\\Smmplan\\src\\tests\\link-filtering.test.ts:2:1)\n    at asyncGeneratorStep (D:\\Smmplan\\src\\tests\\link-filtering.test.ts:2:1)\n    at _next (D:\\Smmplan\\src\\tests\\link-filtering.test.ts:2:1)\n    at new Promise (<anonymous>)\n    at Object.<anonymous> (D:\\Smmplan\\src\\tests\\link-filtering.test.ts:2:1)\n    at Promise.then.completed (D:\\Smmplan\\node_modules\\jest-circus\\build\\utils.js:298:28)\n    at new Promise (<anonymous>)\n    at callAsyncCircusFn (D:\\Smmplan\\node_modules\\jest-circus\\build\\utils.js:231:10)\n    at _callCircusTest (D:\\Smmplan\\node_modules\\jest-circus\\build\\run.js:316:40)\n    at processTicksAndRejections (node:internal/process/task_queues:103:5)\n    at _runTest (D:\\Smmplan\\node_modules\\jest-circus\\build\\run.js:252:3)\n    at _runTestsForDescribeBlock (D:\\Smmplan\\node_modules\\jest-circus\\build\\run.js:126:9)\n    at _runTestsForDescribeBlock (D:\\Smmplan\\node_modules\\jest-circus\\build\\run.js:121:9)\n    at _runTestsForDescribeBlock (D:\\Smmplan\\node_modules\\jest-circus\\build\\run.js:121:9)\n    at run (D:\\Smmplan\\node_modules\\jest-circus\\build\\run.js:71:3)\n    at runAndTransformResultsToJestFormat (D:\\Smmplan\\node_modules\\jest-circus\\build\\legacy-code-todo-rewrite\\jestAdapterInit.js:122:21)\n    at jestAdapter (D:\\Smmplan\\node_modules\\jest-circus\\build\\legacy-code-todo-rewrite\\jestAdapter.js:79:19)\n    at runTestInternal (D:\\Smmplan\\node_modules\\jest-runner\\build\\runTest.js:367:16)\n    at runTest (D:\\Smmplan\\node_modules\\jest-runner\\build\\runTest.js:444:34)\n    at Object.worker (D:\\Smmplan\\node_modules\\jest-runner\\build\\testWorker.js:106:12)"],"fullName":"Link and Service Analysis Tests SmartAnalyzerService.analyzeService (Service Metadata Detection) Should analyze description for keywords if name is vague","invocations":1,"location":null,"numPassingAsserts":0,"retryReasons":[],"status":"failed","title":"Should analyze description for keywords if name is vague"},{"ancestorTitles":["Link and Service Analysis Tests","Precision Filtering Logic (Integration Simulation)"],"duration":1,"failureDetails":[],"failureMessages":[],"fullName":"Link and Service Analysis Tests Precision Filtering Logic (Integration Simulation) Logic: CHANNEL link should see both CHANNEL and CHANNEL_POSTS services","invocations":1,"location":null,"numPassingAsserts":3,"retryReasons":[],"status":"passed","title":"Logic: CHANNEL link should see both CHANNEL and CHANNEL_POSTS services"},{"ancestorTitles":["Link and Service Analysis Tests","Precision Filtering Logic (Integration Simulation)"],"duration":1,"failureDetails":[],"failureMessages":[],"fullName":"Link and Service Analysis Tests Precision Filtering Logic (Integration Simulation) Logic: POST link should NOT see CHANNEL or CHANNEL_POSTS services","invocations":1,"location":null,"numPassingAsserts":3,"retryReasons":[],"status":"passed","title":"Logic: POST link should NOT see CHANNEL or CHANNEL_POSTS services"},{"ancestorTitles":["Link and Service Analysis Tests","Precision Filtering Logic (Integration Simulation)"],"duration":0,"failureDetails":[],"failureMessages":[],"fullName":"Link and Service Analysis Tests Precision Filtering Logic (Integration Simulation) Logic: Private Link should ONLY match sequence isPrivate: true","invocations":1,"location":null,"numPassingAsserts":1,"retryReasons":[],"status":"passed","title":"Logic: Private Link should ONLY match sequence isPrivate: true"},{"ancestorTitles":["Link and Service Analysis Tests","Precision Filtering Logic (Integration Simulation)"],"duration":1,"failureDetails":[],"failureMessages":[],"fullName":"Link and Service Analysis Tests Precision Filtering Logic (Integration Simulation) Logic: Public Link should ONLY match sequence isPrivate: false","invocations":1,"location":null,"numPassingAsserts":1,"retryReasons":[],"status":"passed","title":"Logic: Public Link should ONLY match sequence isPrivate: false"}],"endTime":1773782278987,"message":"\u001b[1m\u001b[31m  \u001b[1m● \u001b[22m\u001b[1mLink and Service Analysis Tests › LinkService.analyze (Link Context Detection) › Should return null for invalid/broken link\u001b[39m\u001b[22m\n\n    \u001b[2mexpect(\u001b[22m\u001b[31mreceived\u001b[39m\u001b[2m).\u001b[22mtoBeNull\u001b[2m()\u001b[22m\n\n    Received: \u001b[31m{\"isPrivate\": undefined, \"objectType\": \"WEB_SITE\", \"platform\": \"OTHER\", \"possibleCategories\": [\"TRAFFIC\", \"OTHER\", \"REVIEWS\"], \"targetType\": \"CHANNEL\"}\u001b[39m\n\u001b[2m\u001b[22m\n\u001b[2m    \u001b[0m \u001b[90m 56 |\u001b[39m         test(\u001b[32m'Should return null for invalid/broken link'\u001b[39m\u001b[33m,\u001b[39m () \u001b[33m=>\u001b[39m {\u001b[22m\n\u001b[2m     \u001b[90m 57 |\u001b[39m             \u001b[36mconst\u001b[39m result \u001b[33m=\u001b[39m \u001b[33mLinkService\u001b[39m\u001b[33m.\u001b[39manalyze(\u001b[32m'not-a-link'\u001b[39m)\u001b[33m;\u001b[39m\u001b[22m\n\u001b[2m    \u001b[31m\u001b[1m>\u001b[22m\u001b[2m\u001b[39m\u001b[90m 58 |\u001b[39m             expect(result)\u001b[33m.\u001b[39mtoBeNull()\u001b[33m;\u001b[39m\u001b[22m\n\u001b[2m     \u001b[90m    |\u001b[39m                            \u001b[31m\u001b[1m^\u001b[22m\u001b[2m\u001b[39m\u001b[22m\n\u001b[2m     \u001b[90m 59 |\u001b[39m         })\u001b[33m;\u001b[39m\u001b[22m\n\u001b[2m     \u001b[90m 60 |\u001b[39m\u001b[22m\n\u001b[2m     \u001b[90m 61 |\u001b[39m         test(\u001b[32m'Should handle malformed but recognizable links'\u001b[39m\u001b[33m,\u001b[39m () \u001b[33m=>\u001b[39m {\u001b[0m\u001b[22m\n\u001b[2m\u001b[22m\n\u001b[2m      \u001b[2mat Objec
[...]
rVoidPattern] (\u001b[22mnode_modules/@babel/parser/src/parser/expression.ts\u001b[2m:3308:17)\u001b[22m\n      \u001b[2mat TypeScriptParserMixin.parseMaybeAssignAllowInOrVoidPattern [as parseExprListItem] (\u001b[22mnode_modules/@babel/parser/src/parser/expression.ts\u001b[2m:2790:18)\u001b[22m\n      \u001b[2mat TypeScriptParserMixin.parseExprListItem [as parseCallExpressionArguments] (\u001b[22mnode_modules/@babel/parser/src/parser/expression.ts\u001b[2m:1042:14)\u001b[22m\n      \u001b[2mat TypeScriptParserMixin.parseCallExpressionArguments [as parseCoverCallAndAsyncArrowHead] (\u001b[22mnode_modules/@babel/parser/src/parser/expression.ts\u001b[2m:922:29)\u001b[22m\n      \u001b[2mat TypeScriptParserMixin.parseCoverCallAndAsyncArrowHead (\u001b[22mnode_modules/@babel/parser/src/parser/expression.ts\u001b[2m:804:19)\u001b[22m\n      \u001b[2mat TypeScriptParserMixin.parseSubscript (\u001b[22mnode_modules/@babel/parser/src/plugins/typescript/index.ts\u001b[2m:2809:20)\u001b[22m\n      \u001b[2mat TypeScriptParserMixin.parseSubscript [as parseSubscripts] (\u001b[22mnode_modules/@babel/parser/src/parser/expression.ts\u001b[2m:763:19)\u001b[22m\n      \u001b[2mat TypeScriptParserMixin.parseSubscripts [as parseExprSubscripts] (\u001b[22mnode_modules/@babel/parser/src/parser/expression.ts\u001b[2m:748:17)\u001b[22m\n      \u001b[2mat TypeScriptParserMixin.parseExprSubscripts [as parseUpdate] (\u001b[22mnode_modules/@babel/parser/src/parser/expression.ts\u001b[2m:721:21)\u001b[22m\n      \u001b[2mat TypeScriptParserMixin.parseUpdate (\u001b[22mnode_modules/@babel/parser/src/parser/expression.ts\u001b[2m:683:23)\u001b[22m\n      \u001b[2mat TypeScriptParserMixin.parseMaybeUnary (\u001b[22mnode_modules/@babel/parser/src/plugins/typescript/index.ts\u001b[2m:3893:20)\u001b[22m\n      \u001b[2mat TypeScriptParserMixin.parseMaybeUnary [as parseMaybeUnaryOrPrivate] (\u001b[22mnode_modules/@babel/parser/src/parser/expression.ts\u001b[2m:417:14)\u001b[22m\n      \u001b[2mat TypeScriptParserMixin.parseMaybeUnaryOrPrivate [as parseExprOps] (\u001b[22mnode_modules/@babel/parser/src/parser/expression.ts\u001b[2m:429:23)\u001b[22m\n      \u001b[2mat TypeScriptParserMixin.parseExprOps [as parseMaybeConditional] (\u001b[22mnode_modules/@babel/parser/src/parser/expression.ts\u001b[2m:384:23)\u001b[22m\n      \u001b[2mat TypeScriptParserMixin.parseMaybeConditional (\u001b[22mnode_modules/@babel/parser/src/parser/expression.ts\u001b[2m:301:21)\u001b[22m\n      \u001b[2mat TypeScriptParserMixin.parseMaybeAssign (\u001b[22mnode_modules/@babel/parser/src/plugins/typescript/index.ts\u001b[2m:3764:22)\u001b[22m\n","name":"D:\\Smmplan\\src\\services\\providers\\provider.service.test.ts","startTime":1773782301288,"status":"failed","summary":""},{"assertionResults":[{"ancestorTitles":["TelegramAuth","validateWidgetData"],"duration":358,"failureDetails":[],"failureMessages":[],"fullName":"TelegramAuth validateWidgetData should return true for valid widget data and hash","invocations":1,"location":null,"numPassingAsserts":1,"retryReasons":[],"status":"passed","title":"should return true for valid widget data and hash"},{"ancestorTitles":["TelegramAuth","validateWidgetData"],"duration":1,"failureDetails":[],"failureMessages":[],"fullName":"TelegramAuth validateWidgetData should return false when hash is incorrect","invocations":1,"location":null,"numPassingAsserts":1,"retryReasons":[],"status":"passed","title":"should return false when hash is incorrect"},{"ancestorTitles":["TelegramAuth","validateWidgetData"],"duration":1,"failureDetails":[],"failureMessages":[],"fullName":"TelegramAuth validateWidgetData should return false when data is older than 24 hours","invocations":1,"location":null,"numPassingAsserts":1,"retryReasons":[],"status":"passed","title":"should return false when data is older than 24 hours"},{"ancestorTitles":["TelegramAuth","validateTMAData"],"duration":1,"failureDetails":[],"failureMessages":[],"fullName":"TelegramAuth validateTMAData should return isValid: true and correct data for valid TMA initData","invocations":1,"location":null,"numPassingAsserts":3,"retryReasons":[],"status":"passed","title":"should return isValid: true and correct data for valid TMA initData"},{"ancestorTitles":["TelegramAuth","validateTMAData"],"duration":1,"failureDetails":[],"failureMessages":[],"fullName":"TelegramAuth validateTMAData should return isValid: true even if user object is missing","invocations":1,"location":null,"numPassingAsserts":2,"retryReasons":[],"status":"passed","title":"should return isValid: true even if user object is missing"},{"ancestorTitles":["TelegramAuth","validateTMAData"],"duration":0,"failureDetails":[],"failureMessages":[],"fullName":"TelegramAuth validateTMAData should return error if hash is missing","invocations":1,"location":null,"numPassingAsserts":2,"retryReasons":[],"status":"passed","title":"should return error if hash is missing"},{"ancestorTitles":["TelegramAuth","validateTMAData"],"duration":1,"failureDetails":[],"failureMessages":[],"fullName":"TelegramAuth validateTMAData should return error if calculated hash mismatch","invocations":1,"location":null,"numPassingAsserts":2,"retryReasons":[],"status":"passed","title":"should return error if calculated hash mismatch"},{"ancestorTitles":["TelegramAuth","validateTMAData"],"duration":0,"failureDetails":[],"failureMessages":[],"fullName":"TelegramAuth validateTMAData should return error if data is older than 24 hours","invocations":1,"location":null,"numPassingAsserts":2,"retryReasons":[],"status":"passed","title":"should return error if data is older than 24 hours"},{"ancestorTitles":["TelegramAuth","validateTMAData"],"duration":1,"failureDetails":[],"failureMessages":[],"fullName":"TelegramAuth validateTMAData should return error if auth_date is missing","invocations":1,"location":null,"numPassingAsserts":2,"retryReasons":[],"status":"passed","title":"should return error if auth_date is missing"},{"ancestorTitles":["TelegramAuth","validateTMAData"],"duration":1,"failureDetails":[],"failureMessages":[],"fullName":"TelegramAuth validateTMAData should return error if JSON.parse fails on user data","invocations":1,"location":null,"numPassingAsserts":2,"retryReasons":[],"status":"passed","title":"should return error if JSON.parse fails on user data"}],"endTime":1773782284279,"message":"","name":"D:\\Smmplan\\src\\lib\\telegram\\auth.test.ts","startTime":1773782282360,"status":"passed","summary":""},{"assertionResults":[{"ancestorTitles":["Normalizer Utility"],"duration":1,"failureDetails":[],"failureMessages":[],"fullName":"Normalizer Utility should handle usernames with @","invocations":1,"location":null,"numPassingAsserts":1,"retryReasons":[],"status":"passed","title":"should handle usernames with @"},{"ancestorTitles":["Normalizer Utility"],"duration":56,"failureDetails":[],"failureMessages":[],"fullName":"Normalizer Utility should add protocol if missing","invocations":1,"location":null,"numPassingAsserts":1,"retryReasons":[],"status":"passed","title":"should add protocol if missing"},{"ancestorTitles":["Normalizer Utility"],"duration":1,"failureDetails":[],"failureMessages":[],"fullName":"Normalizer Utility should strip utm and other junk from Telegram links but keep start","invocations":1,"location":null,"numPassingAsserts":1,"retryReasons":[],"status":"passed","title":"should strip utm and other junk from Telegram links but keep start"},{"ancestorTitles":["Normalizer Utility"],"duration":1,"failureDetails":[],"failureMessages":[],"fullName":"Normalizer Utility should keep ?single for Telegram albums","invocations":1,"location":null,"numPassingAsserts":1,"retryReasons":[],"status":"passed","title":"should keep ?single for Telegram albums"},{"ancestorTitles":["Normalizer Utility"],"duration":0,"failureDetails":[],"failureMessages":[],"fullName":"Normalizer Utility should keep ?comment for Telegram comments","invocations":1,"location":null,"numPassingAsserts":1,"retryReasons":[],"status":"passed","title":"should keep ?comment for Telegram comments"},{"ancestorTitles":["Normalizer Utility"],"duration":1,"failureDetails":[],"failureMessages":[],"fullName":"Normalizer Utility should handle Twitch and Kick links cleanup","invocations":1,"location":null,"numPassingAsserts":2,"retryReasons":[],"status":"passed","title":"should handle Twitch and Kick links cleanup"},{"ancestorTitles":["Normalizer Utility"],"duration":0,"failureDetails":[],"failureMessages":[],"fullName":"Normalizer Utility should normalize Instagram links and remove junk","invocations":1,"location":null,"numPassingAsserts":1,"retryReasons":[],"status":"passed","title":"should normalize Instagram links and remove junk"},{"ancestorTitles":["Normalizer Utility"],"duration":0,"failureDetails":[],"failureMessages":[],"fullName":"Normalizer Utility should normalize YouTube video links","invocations":1,"location":null,"numPassingAsserts":1,"retryReasons":[],"status":"passed","title":"should normalize YouTube video links"}],"endTime":1773782284456,"message":"","name":"D:\\Smmplan\\src\\utils\\normalizer.test.ts","startTime":1773782282643,"status":"passed","summary":""},{"assertionResults":[{"ancestorTitles":["Chaos & Chaos (Non-standard Methods)","Fuzz Testing (Trash Input)"],"duration":2,"failureDetails":[],"failureMessages":[],"fullName":"Chaos & Chaos (Non-standard Methods) Fuzz Testing (Trash Input) should not crash on trash input #0","invocations":1,"location":null,"numPassingAsserts":1,"retryReasons":[],"status":"passed","title":"should not crash on trash input #0"},{"ancestorTitles":["Chaos & Chaos (Non-standard Methods)","Fuzz Testing (Trash Input)"],"duration":0,"failureDetails":[],"failureMessages":[],"fullName":"Chaos & Chaos (Non-standard Methods) Fuzz Testing (Trash Input) should not crash on trash input #1","invocations":1,"location":null,"numPassingAsserts":1,"retryReasons":[],"status":"passed","title":"should not crash on trash input #1"},{"ancestorTitles":["Chaos & Chaos (Non-standard Methods)","Fuzz Testing (Trash Input)"],"duration":54,"failureDetails":[],"failureMessages":[],"fullName":"Chaos & Chaos (Non-standard Methods) Fuzz Testing (Trash Input) should not crash on trash input #2","invocations":1,"location":null,"numPassingAsserts":1,"retryReasons":[],"status":"passed","title":"should not crash on trash input #2"},{"ancestorTitles":["Chaos & Chaos (Non-standard Methods)","Fuzz Testing (Trash Input)"],"duration":1,"failureDetails":[],"failureMessages":[],"fullName":"Chaos & Chaos (Non-standard Methods) Fuzz Testing (Trash Input) should not crash on trash input #3","invocations":1,"location":null,"numPassingAsserts":1,"retryReasons":[],"status":"passed","title":"should not crash on trash input #3"},{"ancestorTitles":["Chaos & Chaos (Non-standard Methods)","Fuzz Testing (Trash Input)"],"duration":1,"failureDetails":[],"failureMessages":[],"fullName":"Chaos & Chaos (Non-standard Methods) Fuzz Testing (Trash Input) should not crash on trash input #4","invocations":1,"location":null,"numPassingAsserts":1,"retryReasons":[],"status":"passed","title":"should not crash on trash input #4"},{"ancestorTitles":["Chaos & Chaos (Non-standard Methods)","Fuzz Testing (Trash Input)"],"duration":0,"failureDetails":[],"failureMessages":[],"fullName":"Chaos & Chaos (Non-standard Methods) Fuzz Testing (Trash Input) should not crash on trash input #5","invocations":1,"location":null,"numPassingAsserts":1,"retryReasons":[],"status":"passed","title":"should not crash on trash input #5"},{"ancestorTitles":["Chaos & Chaos (Non-standard Methods)","Fuzz Testing (Trash Input)"],"duration":1,"failureDetails":[],"failureMessages":[],"fullName":"Chaos & Chaos (Non-standard Methods) Fuzz Testing (Trash Input) should not crash on trash input #6","invocations":1,"location":null,"numPassingAsserts":1,"retryReasons":[],"status":"passed","title":"should not crash on trash input #6"},{"ancestorTitles":["Chaos & Chaos (Non-standard Methods)","Fuzz Testing (Trash Input)"],"duration":0,"failureDetails":[],"failureMessages":[],"fullName":"Chaos & Chaos (Non-standard Methods) Fuzz Testing (Trash Input) should not crash on trash input #7","invocations":1,"location":null,"numPassingAsserts":1,"retryReasons":[],"status":"passed","title":"should not crash on trash input #7"},{"ancestorTitles":["Chaos & Chaos (Non-standard Methods)","Fuzz Testing (Trash Input)"],"duration":614,"failureDetails":[],"failureMessages":[],"fullName":"Chaos & Chaos (Non-standard Methods) Fuzz Testing (Trash Input) should not crash on trash input #8","invocations":1,"location":null,"numPassingAsserts":1,"retryReasons":[],"status":"passed","title":"should not crash on trash input #8"},{"ancestorTitles":["Chaos & Chaos (Non-standard Methods)","Fuzz Testing (Trash Input)"],"duration":1,"failureDetails":[],"failureMessages":[],"fullName":"Chaos & Chaos (Non-standard Methods) Fuzz Testing (Trash Input) should not crash on trash input #9","invocations":1,"location":null,"numPassingAsserts":1,"retryReasons":[],"status":"passed","title":"should not crash on trash input #9"},{"ancestorTitles":["Chaos & Chaos (Non-standard Methods)","Fuzz Testing (Trash Input)"],"duration":1,"failureDetails":[],"failureMessages":[],"fullName":"Chaos & Chaos (Non-standard Methods) Fuzz Testing (Trash Input) should not crash on trash input #10","invocations":1,"location":null,"numPassingAsserts":1,"retryReasons":[],"status":"passed","title":"should not crash on trash input #10"},{"ancestorTitles":["Chaos & Chaos (Non-standard Methods)","Fuzz Testing (Trash Input)"],"duration":1,"failureDetails":[],"failureMessages":[],"fullName":"Chaos & Chaos (Non-standard Methods) Fuzz Testing (Trash Input) should not crash on trash input #11","invocations":1,"location":null,"numPassingAsserts":1,"retryReasons":[],"status":"passed","title":"should not crash on trash input #11"},{"ancestorTitles":["Chaos & Chaos (Non-standard Methods)","Fuzz Testing (Trash Input)"],"duration":1,"failureDetails":[],"failureMessages":[],"fullName":"Chaos & Chaos (Non-standard Methods) Fuzz Testing (Trash Input) should not crash on trash input #12","invocations":1,"location":null,"numPassingAsserts":1,"retryReasons":[],"status":"passed","title":"should not crash on trash input #12"},{"ancestorTitles":["Chaos & Chaos (Non-standard Methods)","Idempotency Testing"],"duration":1,"failureDetails":[],"failureMessages":[],"fullName":"Chaos & Chaos (Non-standard Methods) Idempotency Testing normalization of https://t.me/durov?start=123 should be idempotent","invocations":1,"location":null,"numPassingAsserts":2,"retryReasons":[],"status":"passed","title":"normalization of https://t.me/durov?start=123 should be idempotent"},{"ancestorTitles":["Chaos & Chaos (Non-standard Methods)","Idempotency Testing"],"duration":1,"failureDetails":[],"failureMessages":[],"fullName":"Chaos & Chaos (Non-standard Methods) Idempotency Testing normalization of https://twitch.tv/user should be idempotent","invocations":1,"location":null,"numPassingAsserts":2,"retryReasons":[],"status":"passed","title":"normalization of https://twitch.tv/user should be idempotent"},{"ancestorTitles":["Chaos & Chaos (Non-standard Methods)","Idempotency Testing"],"duration":0,"failureDetails":[],"failureMessages":[],"fullName":"Chaos & Chaos (Non-standard Methods) Idempotency Testing normalization of https://youtube.com/watch?v=dQw4w9WgXcQ should be idempotent","invocations":1,"location":null,"numPassingAsserts":2,"retryReasons":[],"status":"passed","title":"normalization of https://youtube.com/watch?v=dQw4w9WgXcQ should be idempotent"},{"ancestorTitles":["Chaos & Chaos (Non-standard Methods)","Idempotency Testing"],"duration":0,"failureDetails":[],"failureMessages":[],"fullName":"Chaos & Chaos (Non-standard Methods) Idempotency Testing normalization of https://m.vk.com/wall-1_123 should be idempotent","invocations":1,"location":null,"numPassingAsserts":2,"retryReasons":[],"status":"passed","title":"normalization of https://m.vk.com/wall-1_123 should be idempotent"},{"ancestorTitles":["Chaos & Chaos (Non-standard Methods)","Performance / ReDoS Check"],"duration":1,"failureDetails":[],"failureMessages":[],"fullName":"Chaos & Chaos (Non-standard Methods) Performance / ReDoS Check should process deep path link quickly","invocations":1,"location":null,"numPassingAsserts":1,"retryReasons":[],"status":"passed","title":"should process deep path link quickly"},{"ancestorTitles":["Chaos & Chaos (Non-standard Methods)","Cross-Consistency check"],"duration":1,"failureDetails":[],"failureMessages":[],"fullName":"Chaos & Chaos (Non-standard Methods) Cross-Consistency check analyzer should return same platform after normalization","invocations":1,"location":null,"numPassingAsserts":3,"retryReasons":[],"status":"passed","title":"analyzer should return same platform after normalization"}],"endTime":1773782285079,"message":"","name":"D:\\Smmplan\\src\\utils\\chaos.test.ts","startTime":1773782282115,"status":"passed","summary":""},{"assertionResults":[{"ancestorTitles":["Formatter Utility"],"duration":2,"failureDetails":[],"failureMessages":[],"fullName":"Formatter Utility should format amount correctly","invocations":1,"location":null,"numPassingAsserts":2,"retryReasons":[],"status":"passed","title":"should format amount correctly"},{"ancestorTitles":["Formatter Utility"],"duration":10941,"failureDetails":[],"failureMessages":[],"fullName":"Formatter Utility should convert price to words (Russian)","invocations":1,"location":null,"numPassingAsserts":4,"retryReasons":[],"status":"passed","title":"should convert price to words (Russian)"}],"endTime":1773782293690,"message":"","name":"D:\\Smmplan\\src\\utils\\formatter.test.ts","startTime":1773782282238,"status":"passed","summary":""},{"assertionResults":[{"ancestorTitles":["CurrencyService","Conversion Logic"],"duration":7,"failureDetails":[],"failureMessages":[],"fullName":"CurrencyService Conversion Logic should return same amount if from and to are same","invocations":1,"location":null,"numPassingAsserts":1,"retryReasons":[],"status":"passed","title":"should return same amount if from and to are same"},{"ancestorTitles":["CurrencyService","Conversion Logic"],"duration":1,"failureDetails":[],"failureMessages":[],"fullName":"CurrencyService Conversion Logic should convert USD to RUB using provided rates","invocations":1,"location":null,"numPassingAsserts":1,"retryReasons":[],"status":"passed","title":"should convert USD to RUB using provided rates"},{"ancestorTitles":["CurrencyService","Conversion Logic"],"duration":1,"failureDetails":[],"failureMessages":[],"fullName":"CurrencyService Conversion Logic should convert RUB to EUR using provided rates","invocations":1,"location":null,"numPassingAsserts":1,"retryReasons":[],"status":"passed","title":"should convert RUB to EUR using provided rates"},{"ancestorTitles":["CurrencyService","Conversion Logic"],"duration":0,"failureDetails":[],"failureMessages":[],"fullName":"CurrencyService Conversion Logic should use fallback rates if DB is empty","invocations":1,"location":null,"numPassingAsserts":1,"retryReasons":[],"status":"passed","title":"should use fallback rates if DB is empty"},{"ancestorTitles":["CurrencyService","Formatting Logic"],"duration":10225,"failureDetails":[],"failureMessages":[],"fullName":"CurrencyService Formatting Logic should format RUB correctly","invocations":1,"location":null,"numPassingAsserts":1,"retryReasons":[],"status":"passed","title":"should format RUB correctly"},{"ancestorTitles":["CurrencyService","Formatting Logic"],"duration":6,"failureDetails":[],"failureMessages":[],"fullName":"CurrencyService Formatting Logic should format USD correctly","invocations":1,"location":null,"numPassingAsserts":1,"retryReasons":[],"status":"passed","title":"should format USD correctly"}],"endTime":1773782293696,"message":"","name":"D:\\Smmplan\\src\\services\\finance\\currency.service.test.ts","startTime":1773782282307,"status":"passed","summary":""}],"wasInterrupted":false}
